2021-06-11 08:53:05,857 [Worker-6: Loading available Gradle versions] INFO  o.e.b.c.i.u.g.PublishedGradleVersions - Gradle version information cache is up-to-date. Trying to read.
2021-06-11 09:04:22,409 [Worker-2: Loading available Gradle versions] INFO  o.e.b.c.i.u.g.PublishedGradleVersions - Gradle version information cache is up-to-date. Trying to read.
2021-06-11 09:06:34,519 [Worker-25: Building] INFO  o.e.m.c.i.l.LifecycleMappingFactory - Using org.eclipse.m2e.jdt.JarLifecycleMapping lifecycle mapping for MavenProject: nit:BootProj02-DependencyInjection:0.0.1-SNAPSHOT @ /Users/vamsitallapudi/Documents/springboot/others/NTSPBMS714/BootProj03-DependencyInjection-JAvaConfigAnnotations/pom.xml.
2021-06-11 09:06:36,097 [Worker-25: Building] INFO  o.e.m.c.i.embedder.EclipseLogger - Using 'UTF-8' encoding to copy filtered resources.
2021-06-11 09:06:36,098 [Worker-25: Building] INFO  o.e.m.c.i.embedder.EclipseLogger - Using 'UTF-8' encoding to copy filtered properties files.
2021-06-11 09:06:36,102 [Worker-25: Building] INFO  o.e.m.c.i.embedder.EclipseLogger - Copying 1 resource
2021-06-11 09:06:36,127 [Worker-25: Building] INFO  o.e.m.c.i.embedder.EclipseLogger - Copying 0 resource
2021-06-11 09:06:36,132 [Worker-25: Building] INFO  o.e.m.c.i.embedder.EclipseLogger - Using 'UTF-8' encoding to copy filtered resources.
2021-06-11 09:06:36,133 [Worker-25: Building] INFO  o.e.m.c.i.embedder.EclipseLogger - Using 'UTF-8' encoding to copy filtered properties files.
2021-06-11 09:06:36,133 [Worker-25: Building] INFO  o.e.m.c.i.embedder.EclipseLogger - skip non existing resourceDirectory /Users/vamsitallapudi/Documents/springboot/others/NTSPBMS714/BootProj03-DependencyInjection-JAvaConfigAnnotations/src/test/resources
2021-06-11 09:06:37,661 [Worker-25: Building] INFO  o.e.m.c.i.l.LifecycleMappingFactory - Using org.eclipse.m2e.jdt.JarLifecycleMapping lifecycle mapping for MavenProject: nit:IOCProj10-RealtimeDI-RealtimeStrategyDP:0.0.1-SNAPSHOT @ /Users/vamsitallapudi/Documents/springboot/others/NTSPBMS714/IOCProj10-RealtimeDI-RealtimeStrategyDP/pom.xml.
2021-06-11 09:06:38,449 [Worker-25: Building] INFO  o.e.m.c.i.embedder.EclipseLogger - Using 'UTF-8' encoding to copy filtered resources.
2021-06-11 09:06:38,449 [Worker-25: Building] INFO  o.e.m.c.i.embedder.EclipseLogger - skip non existing resourceDirectory /Users/vamsitallapudi/Documents/springboot/others/NTSPBMS714/IOCProj10-RealtimeDI-RealtimeStrategyDP/src/main/resources
2021-06-11 09:06:38,453 [Worker-25: Building] INFO  o.e.m.c.i.embedder.EclipseLogger - Using 'UTF-8' encoding to copy filtered resources.
2021-06-11 09:06:38,453 [Worker-25: Building] INFO  o.e.m.c.i.embedder.EclipseLogger - skip non existing resourceDirectory /Users/vamsitallapudi/Documents/springboot/others/NTSPBMS714/IOCProj10-RealtimeDI-RealtimeStrategyDP/src/test/resources
2021-06-11 09:06:38,607 [Worker-25: Building] INFO  o.e.m.c.i.l.LifecycleMappingFactory - Using org.eclipse.m2e.jdt.JarLifecycleMapping lifecycle mapping for MavenProject: nit:IOCProj11-Singleton-CoreJAva:0.0.1-SNAPSHOT @ /Users/vamsitallapudi/Documents/springboot/others/NTSPBMS714/IOCProj11-Singleton-CoreJAva/pom.xml.
2021-06-11 09:06:38,679 [Worker-25: Building] INFO  o.e.m.c.i.embedder.EclipseLogger - Using 'UTF-8' encoding to copy filtered resources.
2021-06-11 09:06:38,679 [Worker-25: Building] INFO  o.e.m.c.i.embedder.EclipseLogger - skip non existing resourceDirectory /Users/vamsitallapudi/Documents/springboot/others/NTSPBMS714/IOCProj11-Singleton-CoreJAva/src/main/resources
2021-06-11 09:06:38,681 [Worker-25: Building] INFO  o.e.m.c.i.embedder.EclipseLogger - Using 'UTF-8' encoding to copy filtered resources.
2021-06-11 09:06:38,681 [Worker-25: Building] INFO  o.e.m.c.i.embedder.EclipseLogger - skip non existing resourceDirectory /Users/vamsitallapudi/Documents/springboot/others/NTSPBMS714/IOCProj11-Singleton-CoreJAva/src/test/resources
2021-06-11 09:06:38,851 [Worker-25: Building] INFO  o.e.m.c.i.l.LifecycleMappingFactory - Using org.eclipse.m2e.jdt.JarLifecycleMapping lifecycle mapping for MavenProject: nit:IOCProj10-RealtimeDI-RealtimeStrategyDP:0.0.1-SNAPSHOT @ /Users/vamsitallapudi/Documents/springboot/others/NTSPBMS714/IOCProj13-RealtimeDI-RealtimeStrategyDP-AC-Propertiesfile/pom.xml.
2021-06-11 09:06:38,962 [Worker-25: Building] INFO  o.e.m.c.i.embedder.EclipseLogger - Using 'UTF-8' encoding to copy filtered resources.
2021-06-11 09:06:38,962 [Worker-25: Building] INFO  o.e.m.c.i.embedder.EclipseLogger - skip non existing resourceDirectory /Users/vamsitallapudi/Documents/springboot/others/NTSPBMS714/IOCProj13-RealtimeDI-RealtimeStrategyDP-AC-Propertiesfile/src/main/resources
2021-06-11 09:06:38,964 [Worker-25: Building] INFO  o.e.m.c.i.embedder.EclipseLogger - Using 'UTF-8' encoding to copy filtered resources.
2021-06-11 09:06:38,964 [Worker-25: Building] INFO  o.e.m.c.i.embedder.EclipseLogger - skip non existing resourceDirectory /Users/vamsitallapudi/Documents/springboot/others/NTSPBMS714/IOCProj13-RealtimeDI-RealtimeStrategyDP-AC-Propertiesfile/src/test/resources
2021-06-11 09:06:39,080 [Worker-25: Building] INFO  o.e.m.c.i.l.LifecycleMappingFactory - Using org.eclipse.m2e.jdt.JarLifecycleMapping lifecycle mapping for MavenProject: nit:IOCProj14Anno-RequiredAnno:0.0.1-SNAPSHOT @ /Users/vamsitallapudi/Documents/springboot/others/NTSPBMS714/IOCProj14Anno-RequiredAnno/pom.xml.
2021-06-11 09:06:39,172 [Worker-25: Building] INFO  o.e.m.c.i.embedder.EclipseLogger - Using 'UTF-8' encoding to copy filtered resources.
2021-06-11 09:06:39,172 [Worker-25: Building] INFO  o.e.m.c.i.embedder.EclipseLogger - skip non existing resourceDirectory /Users/vamsitallapudi/Documents/springboot/others/NTSPBMS714/IOCProj14Anno-RequiredAnno/src/main/resources
2021-06-11 09:06:39,173 [Worker-25: Building] INFO  o.e.m.c.i.embedder.EclipseLogger - Using 'UTF-8' encoding to copy filtered resources.
2021-06-11 09:06:39,173 [Worker-25: Building] INFO  o.e.m.c.i.embedder.EclipseLogger - skip non existing resourceDirectory /Users/vamsitallapudi/Documents/springboot/others/NTSPBMS714/IOCProj14Anno-RequiredAnno/src/test/resources
2021-06-11 09:06:39,322 [Worker-25: Building] INFO  o.e.m.c.i.l.LifecycleMappingFactory - Using org.eclipse.m2e.jdt.JarLifecycleMapping lifecycle mapping for MavenProject: nit:IOCProj10-RealtimeDI-RealtimeStrategyDP:0.0.1-SNAPSHOT @ /Users/vamsitallapudi/Documents/springboot/others/NTSPBMS714/IOCProj18Anno-RealtimeDI-RealtimeStrategyDP/pom.xml.
2021-06-11 09:06:39,416 [Worker-25: Building] INFO  o.e.m.c.i.embedder.EclipseLogger - Using 'UTF-8' encoding to copy filtered resources.
2021-06-11 09:06:39,416 [Worker-25: Building] INFO  o.e.m.c.i.embedder.EclipseLogger - skip non existing resourceDirectory /Users/vamsitallapudi/Documents/springboot/others/NTSPBMS714/IOCProj18Anno-RealtimeDI-RealtimeStrategyDP/src/main/resources
2021-06-11 09:06:39,417 [Worker-25: Building] INFO  o.e.m.c.i.embedder.EclipseLogger - Using 'UTF-8' encoding to copy filtered resources.
2021-06-11 09:06:39,417 [Worker-25: Building] INFO  o.e.m.c.i.embedder.EclipseLogger - skip non existing resourceDirectory /Users/vamsitallapudi/Documents/springboot/others/NTSPBMS714/IOCProj18Anno-RealtimeDI-RealtimeStrategyDP/src/test/resources
2021-06-11 09:06:39,489 [Worker-25: Building] INFO  o.e.m.c.i.l.LifecycleMappingFactory - Using org.eclipse.m2e.jdt.JarLifecycleMapping lifecycle mapping for MavenProject: nit:IOCProj19-SpringBeanLifecycle-Declarative:0.0.1-SNAPSHOT @ /Users/vamsitallapudi/Documents/springboot/others/NTSPBMS714/IOCProj19-SpringBeanLifecycle-Declarative/pom.xml.
2021-06-11 09:06:39,607 [Worker-25: Building] INFO  o.e.m.c.i.embedder.EclipseLogger - Using 'UTF-8' encoding to copy filtered resources.
2021-06-11 09:06:39,607 [Worker-25: Building] INFO  o.e.m.c.i.embedder.EclipseLogger - skip non existing resourceDirectory /Users/vamsitallapudi/Documents/springboot/others/NTSPBMS714/IOCProj19-SpringBeanLifecycle-Declarative/src/main/resources
2021-06-11 09:06:39,608 [Worker-25: Building] INFO  o.e.m.c.i.embedder.EclipseLogger - Using 'UTF-8' encoding to copy filtered resources.
2021-06-11 09:06:39,608 [Worker-25: Building] INFO  o.e.m.c.i.embedder.EclipseLogger - skip non existing resourceDirectory /Users/vamsitallapudi/Documents/springboot/others/NTSPBMS714/IOCProj19-SpringBeanLifecycle-Declarative/src/test/resources
2021-06-11 09:06:39,682 [Worker-25: Building] INFO  o.e.m.c.i.l.LifecycleMappingFactory - Using org.eclipse.m2e.jdt.JarLifecycleMapping lifecycle mapping for MavenProject: nit:IOCProj19-SpringBeanLifecycle-Declarative:0.0.1-SNAPSHOT @ /Users/vamsitallapudi/Documents/springboot/others/NTSPBMS714/IOCProj20-SpringBeanLifecycle-Programatic/pom.xml.
2021-06-11 09:06:39,757 [Worker-25: Building] INFO  o.e.m.c.i.embedder.EclipseLogger - Using 'UTF-8' encoding to copy filtered resources.
2021-06-11 09:06:39,757 [Worker-25: Building] INFO  o.e.m.c.i.embedder.EclipseLogger - skip non existing resourceDirectory /Users/vamsitallapudi/Documents/springboot/others/NTSPBMS714/IOCProj20-SpringBeanLifecycle-Programatic/src/main/resources
2021-06-11 09:06:39,758 [Worker-25: Building] INFO  o.e.m.c.i.embedder.EclipseLogger - Using 'UTF-8' encoding to copy filtered resources.
2021-06-11 09:06:39,758 [Worker-25: Building] INFO  o.e.m.c.i.embedder.EclipseLogger - skip non existing resourceDirectory /Users/vamsitallapudi/Documents/springboot/others/NTSPBMS714/IOCProj20-SpringBeanLifecycle-Programatic/src/test/resources
2021-06-11 09:06:39,839 [Worker-25: Building] INFO  o.e.m.c.i.l.LifecycleMappingFactory - Using org.eclipse.m2e.jdt.JarLifecycleMapping lifecycle mapping for MavenProject: nit:IOCProj19-SpringBeanLifecycle-Declarative:0.0.1-SNAPSHOT @ /Users/vamsitallapudi/Documents/springboot/others/NTSPBMS714/IOCProj21-SpringBeanLifecycle-Annotation/pom.xml.
2021-06-11 09:06:40,201 [Worker-25: Building] INFO  o.e.m.c.i.embedder.EclipseLogger - Using 'UTF-8' encoding to copy filtered resources.
2021-06-11 09:06:40,201 [Worker-25: Building] INFO  o.e.m.c.i.embedder.EclipseLogger - skip non existing resourceDirectory /Users/vamsitallapudi/Documents/springboot/others/NTSPBMS714/IOCProj21-SpringBeanLifecycle-Annotation/src/main/resources
2021-06-11 09:06:40,203 [Worker-25: Building] INFO  o.e.m.c.i.embedder.EclipseLogger - Using 'UTF-8' encoding to copy filtered resources.
2021-06-11 09:06:40,203 [Worker-25: Building] INFO  o.e.m.c.i.embedder.EclipseLogger - skip non existing resourceDirectory /Users/vamsitallapudi/Documents/springboot/others/NTSPBMS714/IOCProj21-SpringBeanLifecycle-Annotation/src/test/resources
2021-06-11 09:06:40,313 [Worker-25: Building] INFO  o.e.m.c.i.l.LifecycleMappingFactory - Using org.eclipse.m2e.jdt.JarLifecycleMapping lifecycle mapping for MavenProject: nit:IOCProj19-SpringBeanLifecycle-Declarative:0.0.1-SNAPSHOT @ /Users/vamsitallapudi/Documents/springboot/others/NTSPBMS714/IOCProj22-SpringBeanLifecycle-All3/pom.xml.
2021-06-11 09:06:40,390 [Worker-25: Building] INFO  o.e.m.c.i.embedder.EclipseLogger - Using 'UTF-8' encoding to copy filtered resources.
2021-06-11 09:06:40,390 [Worker-25: Building] INFO  o.e.m.c.i.embedder.EclipseLogger - skip non existing resourceDirectory /Users/vamsitallapudi/Documents/springboot/others/NTSPBMS714/IOCProj22-SpringBeanLifecycle-All3/src/main/resources
2021-06-11 09:06:40,391 [Worker-25: Building] INFO  o.e.m.c.i.embedder.EclipseLogger - Using 'UTF-8' encoding to copy filtered resources.
2021-06-11 09:06:40,391 [Worker-25: Building] INFO  o.e.m.c.i.embedder.EclipseLogger - skip non existing resourceDirectory /Users/vamsitallapudi/Documents/springboot/others/NTSPBMS714/IOCProj22-SpringBeanLifecycle-All3/src/test/resources
2021-06-11 09:06:40,474 [Worker-25: Building] INFO  o.e.m.c.i.l.LifecycleMappingFactory - Using org.eclipse.m2e.jdt.JarLifecycleMapping lifecycle mapping for MavenProject: nit:IOCProj23-100pCode-BasicApp:0.0.1-SNAPSHOT @ /Users/vamsitallapudi/Documents/springboot/others/NTSPBMS714/IOCProj23-100pCode-BasicApp/pom.xml.
2021-06-11 09:06:40,560 [Worker-25: Building] INFO  o.e.m.c.i.embedder.EclipseLogger - Using 'UTF-8' encoding to copy filtered resources.
2021-06-11 09:06:40,561 [Worker-25: Building] INFO  o.e.m.c.i.embedder.EclipseLogger - skip non existing resourceDirectory /Users/vamsitallapudi/Documents/springboot/others/NTSPBMS714/IOCProj23-100pCode-BasicApp/src/main/resources
2021-06-11 09:06:40,562 [Worker-25: Building] INFO  o.e.m.c.i.embedder.EclipseLogger - Using 'UTF-8' encoding to copy filtered resources.
2021-06-11 09:06:40,562 [Worker-25: Building] INFO  o.e.m.c.i.embedder.EclipseLogger - skip non existing resourceDirectory /Users/vamsitallapudi/Documents/springboot/others/NTSPBMS714/IOCProj23-100pCode-BasicApp/src/test/resources
2021-06-11 09:06:40,734 [Worker-25: Building] INFO  o.e.m.c.i.l.LifecycleMappingFactory - Using org.eclipse.m2e.jdt.JarLifecycleMapping lifecycle mapping for MavenProject: nit:IOCProj10-RealtimeDI-RealtimeStrategyDP:0.0.1-SNAPSHOT @ /Users/vamsitallapudi/Documents/springboot/others/NTSPBMS714/IOCProj24-100pCode-RealtimeDI-RealtimeStrategyDP/pom.xml.
2021-06-11 09:06:40,872 [Worker-25: Building] INFO  o.e.m.c.i.embedder.EclipseLogger - Using 'UTF-8' encoding to copy filtered resources.
2021-06-11 09:06:40,873 [Worker-25: Building] INFO  o.e.m.c.i.embedder.EclipseLogger - skip non existing resourceDirectory /Users/vamsitallapudi/Documents/springboot/others/NTSPBMS714/IOCProj24-100pCode-RealtimeDI-RealtimeStrategyDP/src/main/resources
2021-06-11 09:06:40,873 [Worker-25: Building] INFO  o.e.m.c.i.embedder.EclipseLogger - Using 'UTF-8' encoding to copy filtered resources.
2021-06-11 09:06:40,874 [Worker-25: Building] INFO  o.e.m.c.i.embedder.EclipseLogger - skip non existing resourceDirectory /Users/vamsitallapudi/Documents/springboot/others/NTSPBMS714/IOCProj24-100pCode-RealtimeDI-RealtimeStrategyDP/src/test/resources
2021-06-11 09:06:41,050 [Worker-25: Building] INFO  o.e.m.c.i.l.LifecycleMappingFactory - Using org.eclipse.m2e.jdt.JarLifecycleMapping lifecycle mapping for MavenProject: nit:IOCProj10-RealtimeDI-RealtimeStrategyDP:0.0.1-SNAPSHOT @ /Users/vamsitallapudi/Documents/springboot/others/NTSPBMS714/IOCProj25-100pCode-RealtimeDI-RealtimeStrategyDP-Properties file/pom.xml.
2021-06-11 09:06:41,319 [Worker-25: Building] INFO  o.e.m.c.i.embedder.EclipseLogger - Using 'UTF-8' encoding to copy filtered resources.
2021-06-11 09:06:41,319 [Worker-25: Building] INFO  o.e.m.c.i.embedder.EclipseLogger - skip non existing resourceDirectory /Users/vamsitallapudi/Documents/springboot/others/NTSPBMS714/IOCProj25-100pCode-RealtimeDI-RealtimeStrategyDP-Properties file/src/main/resources
2021-06-11 09:06:41,321 [Worker-25: Building] INFO  o.e.m.c.i.embedder.EclipseLogger - Using 'UTF-8' encoding to copy filtered resources.
2021-06-11 09:06:41,321 [Worker-25: Building] INFO  o.e.m.c.i.embedder.EclipseLogger - skip non existing resourceDirectory /Users/vamsitallapudi/Documents/springboot/others/NTSPBMS714/IOCProj25-100pCode-RealtimeDI-RealtimeStrategyDP-Properties file/src/test/resources
2021-06-11 09:06:41,385 [Worker-25: Building] INFO  o.e.m.c.i.l.LifecycleMappingFactory - Using org.eclipse.m2e.jdt.JarLifecycleMapping lifecycle mapping for MavenProject: nit:IOCProj26-Decl-TraditionalDependencyLookup:0.0.1-SNAPSHOT @ /Users/vamsitallapudi/Documents/springboot/others/NTSPBMS714/IOCProj26-Decl-TraditionalDependencyLookup/pom.xml.
2021-06-11 09:06:41,452 [Worker-25: Building] INFO  o.e.m.c.i.embedder.EclipseLogger - Using 'UTF-8' encoding to copy filtered resources.
2021-06-11 09:06:41,452 [Worker-25: Building] INFO  o.e.m.c.i.embedder.EclipseLogger - skip non existing resourceDirectory /Users/vamsitallapudi/Documents/springboot/others/NTSPBMS714/IOCProj26-Decl-TraditionalDependencyLookup/src/main/resources
2021-06-11 09:06:41,453 [Worker-25: Building] INFO  o.e.m.c.i.embedder.EclipseLogger - Using 'UTF-8' encoding to copy filtered resources.
2021-06-11 09:06:41,453 [Worker-25: Building] INFO  o.e.m.c.i.embedder.EclipseLogger - skip non existing resourceDirectory /Users/vamsitallapudi/Documents/springboot/others/NTSPBMS714/IOCProj26-Decl-TraditionalDependencyLookup/src/test/resources
2021-06-11 09:06:41,531 [Worker-25: Building] INFO  o.e.m.c.i.l.LifecycleMappingFactory - Using org.eclipse.m2e.jdt.JarLifecycleMapping lifecycle mapping for MavenProject: nit:IOCProj26-Decl-TraditionalDependencyLookup:0.0.1-SNAPSHOT @ /Users/vamsitallapudi/Documents/springboot/others/NTSPBMS714/IOCProj27-Decl-AwareInjection+DependencyLookup/pom.xml.
2021-06-11 09:06:41,612 [Worker-25: Building] INFO  o.e.m.c.i.embedder.EclipseLogger - Using 'UTF-8' encoding to copy filtered resources.
2021-06-11 09:06:41,612 [Worker-25: Building] INFO  o.e.m.c.i.embedder.EclipseLogger - skip non existing resourceDirectory /Users/vamsitallapudi/Documents/springboot/others/NTSPBMS714/IOCProj27-Decl-AwareInjection+DependencyLookup/src/main/resources
2021-06-11 09:06:41,614 [Worker-25: Building] INFO  o.e.m.c.i.embedder.EclipseLogger - Using 'UTF-8' encoding to copy filtered resources.
2021-06-11 09:06:41,614 [Worker-25: Building] INFO  o.e.m.c.i.embedder.EclipseLogger - skip non existing resourceDirectory /Users/vamsitallapudi/Documents/springboot/others/NTSPBMS714/IOCProj27-Decl-AwareInjection+DependencyLookup/src/test/resources
2021-06-11 09:06:41,705 [Worker-25: Building] INFO  o.e.m.c.i.l.LifecycleMappingFactory - Using org.eclipse.m2e.jdt.JarLifecycleMapping lifecycle mapping for MavenProject: nit:IOCProj26-Decl-TraditionalDependencyLookup:0.0.1-SNAPSHOT @ /Users/vamsitallapudi/Documents/springboot/others/NTSPBMS714/IOCProj28-LookUpMethodInjection/pom.xml.
2021-06-11 09:06:41,800 [Worker-25: Building] INFO  o.e.m.c.i.embedder.EclipseLogger - Using 'UTF-8' encoding to copy filtered resources.
2021-06-11 09:06:41,800 [Worker-25: Building] INFO  o.e.m.c.i.embedder.EclipseLogger - skip non existing resourceDirectory /Users/vamsitallapudi/Documents/springboot/others/NTSPBMS714/IOCProj28-LookUpMethodInjection/src/main/resources
2021-06-11 09:06:41,801 [Worker-25: Building] INFO  o.e.m.c.i.embedder.EclipseLogger - Using 'UTF-8' encoding to copy filtered resources.
2021-06-11 09:06:41,801 [Worker-25: Building] INFO  o.e.m.c.i.embedder.EclipseLogger - skip non existing resourceDirectory /Users/vamsitallapudi/Documents/springboot/others/NTSPBMS714/IOCProj28-LookUpMethodInjection/src/test/resources
2021-06-11 09:06:41,885 [Worker-25: Building] INFO  o.e.m.c.i.l.LifecycleMappingFactory - Using org.eclipse.m2e.jdt.JarLifecycleMapping lifecycle mapping for MavenProject: nit:IOCProj26-Decl-TraditionalDependencyLookup:0.0.1-SNAPSHOT @ /Users/vamsitallapudi/Documents/springboot/others/NTSPBMS714/IOCProj29Anno-LookUpMethodInjection/pom.xml.
2021-06-11 09:06:41,954 [Worker-25: Building] INFO  o.e.m.c.i.embedder.EclipseLogger - Using 'UTF-8' encoding to copy filtered resources.
2021-06-11 09:06:41,954 [Worker-25: Building] INFO  o.e.m.c.i.embedder.EclipseLogger - skip non existing resourceDirectory /Users/vamsitallapudi/Documents/springboot/others/NTSPBMS714/IOCProj29Anno-LookUpMethodInjection/src/main/resources
2021-06-11 09:06:41,956 [Worker-25: Building] INFO  o.e.m.c.i.embedder.EclipseLogger - Using 'UTF-8' encoding to copy filtered resources.
2021-06-11 09:06:41,956 [Worker-25: Building] INFO  o.e.m.c.i.embedder.EclipseLogger - skip non existing resourceDirectory /Users/vamsitallapudi/Documents/springboot/others/NTSPBMS714/IOCProj29Anno-LookUpMethodInjection/src/test/resources
2021-06-11 09:06:42,055 [Worker-25: Building] INFO  o.e.m.c.i.l.LifecycleMappingFactory - Using org.eclipse.m2e.jdt.JarLifecycleMapping lifecycle mapping for MavenProject: nit:IOCProj26-Decl-TraditionalDependencyLookup:0.0.1-SNAPSHOT @ /Users/vamsitallapudi/Documents/springboot/others/NTSPBMS714/IOCProj30-100pCode-LookUpMethodInjection2/pom.xml.
2021-06-11 09:06:42,155 [Worker-25: Building] INFO  o.e.m.c.i.embedder.EclipseLogger - Using 'UTF-8' encoding to copy filtered resources.
2021-06-11 09:06:42,155 [Worker-25: Building] INFO  o.e.m.c.i.embedder.EclipseLogger - skip non existing resourceDirectory /Users/vamsitallapudi/Documents/springboot/others/NTSPBMS714/IOCProj30-100pCode-LookUpMethodInjection2/src/main/resources
2021-06-11 09:06:42,156 [Worker-25: Building] INFO  o.e.m.c.i.embedder.EclipseLogger - Using 'UTF-8' encoding to copy filtered resources.
2021-06-11 09:06:42,156 [Worker-25: Building] INFO  o.e.m.c.i.embedder.EclipseLogger - skip non existing resourceDirectory /Users/vamsitallapudi/Documents/springboot/others/NTSPBMS714/IOCProj30-100pCode-LookUpMethodInjection2/src/test/resources
2021-06-11 09:06:42,263 [Worker-25: Building] INFO  o.e.m.c.i.l.LifecycleMappingFactory - Using org.eclipse.m2e.jdt.JarLifecycleMapping lifecycle mapping for MavenProject: nit:IOCProj26-Decl-TraditionalDependencyLookup:0.0.1-SNAPSHOT @ /Users/vamsitallapudi/Documents/springboot/others/NTSPBMS714/IOCProj31-MethodReplacer/pom.xml.
2021-06-11 09:06:42,335 [Worker-25: Building] INFO  o.e.m.c.i.embedder.EclipseLogger - Using 'UTF-8' encoding to copy filtered resources.
2021-06-11 09:06:42,335 [Worker-25: Building] INFO  o.e.m.c.i.embedder.EclipseLogger - skip non existing resourceDirectory /Users/vamsitallapudi/Documents/springboot/others/NTSPBMS714/IOCProj31-MethodReplacer/src/main/resources
2021-06-11 09:06:42,336 [Worker-25: Building] INFO  o.e.m.c.i.embedder.EclipseLogger - Using 'UTF-8' encoding to copy filtered resources.
2021-06-11 09:06:42,336 [Worker-25: Building] INFO  o.e.m.c.i.embedder.EclipseLogger - skip non existing resourceDirectory /Users/vamsitallapudi/Documents/springboot/others/NTSPBMS714/IOCProj31-MethodReplacer/src/test/resources
2021-06-11 09:06:42,412 [Worker-25: Building] INFO  o.e.m.c.i.l.LifecycleMappingFactory - Using org.eclipse.m2e.jdt.JarLifecycleMapping lifecycle mapping for MavenProject: nit:IOCProj26-Decl-TraditionalDependencyLookup:0.0.1-SNAPSHOT @ /Users/vamsitallapudi/Documents/springboot/others/NTSPBMS714/IOCProj33-100pCode-MethodReplacer/pom.xml.
2021-06-11 09:06:42,488 [Worker-25: Building] INFO  o.e.m.c.i.embedder.EclipseLogger - Using 'UTF-8' encoding to copy filtered resources.
2021-06-11 09:06:42,489 [Worker-25: Building] INFO  o.e.m.c.i.embedder.EclipseLogger - skip non existing resourceDirectory /Users/vamsitallapudi/Documents/springboot/others/NTSPBMS714/IOCProj33-100pCode-MethodReplacer/src/main/resources
2021-06-11 09:06:42,490 [Worker-25: Building] INFO  o.e.m.c.i.embedder.EclipseLogger - Using 'UTF-8' encoding to copy filtered resources.
2021-06-11 09:06:42,490 [Worker-25: Building] INFO  o.e.m.c.i.embedder.EclipseLogger - skip non existing resourceDirectory /Users/vamsitallapudi/Documents/springboot/others/NTSPBMS714/IOCProj33-100pCode-MethodReplacer/src/test/resources
2021-06-11 09:06:44,725 [Worker-29: Building] INFO  o.e.m.c.i.embedder.EclipseLogger - Using 'UTF-8' encoding to copy filtered resources.
2021-06-11 09:06:44,725 [Worker-29: Building] INFO  o.e.m.c.i.embedder.EclipseLogger - Using 'UTF-8' encoding to copy filtered properties files.
2021-06-11 09:06:44,728 [Worker-29: Building] INFO  o.e.m.c.i.embedder.EclipseLogger - Copying 1 resource
2021-06-11 09:06:44,730 [Worker-29: Building] INFO  o.e.m.c.i.embedder.EclipseLogger - Copying 0 resource
2021-06-11 09:06:44,734 [Worker-29: Building] INFO  o.e.m.c.i.embedder.EclipseLogger - Using 'UTF-8' encoding to copy filtered resources.
2021-06-11 09:06:44,734 [Worker-29: Building] INFO  o.e.m.c.i.embedder.EclipseLogger - Using 'UTF-8' encoding to copy filtered properties files.
2021-06-11 09:06:44,734 [Worker-29: Building] INFO  o.e.m.c.i.embedder.EclipseLogger - skip non existing resourceDirectory /Users/vamsitallapudi/Documents/springboot/others/NTSPBMS714/BootProj03-DependencyInjection-JAvaConfigAnnotations/src/test/resources
2021-06-11 09:06:45,740 [Worker-29: Building] INFO  o.e.m.c.i.embedder.EclipseLogger - Using 'UTF-8' encoding to copy filtered resources.
2021-06-11 09:06:45,741 [Worker-29: Building] INFO  o.e.m.c.i.embedder.EclipseLogger - skip non existing resourceDirectory /Users/vamsitallapudi/Documents/springboot/others/NTSPBMS714/IOCProj10-RealtimeDI-RealtimeStrategyDP/src/main/resources
2021-06-11 09:06:45,741 [Worker-29: Building] INFO  o.e.m.c.i.embedder.EclipseLogger - Using 'UTF-8' encoding to copy filtered resources.
2021-06-11 09:06:45,742 [Worker-29: Building] INFO  o.e.m.c.i.embedder.EclipseLogger - skip non existing resourceDirectory /Users/vamsitallapudi/Documents/springboot/others/NTSPBMS714/IOCProj10-RealtimeDI-RealtimeStrategyDP/src/test/resources
2021-06-11 09:06:45,790 [Worker-29: Building] INFO  o.e.m.c.i.embedder.EclipseLogger - Using 'UTF-8' encoding to copy filtered resources.
2021-06-11 09:06:45,790 [Worker-29: Building] INFO  o.e.m.c.i.embedder.EclipseLogger - skip non existing resourceDirectory /Users/vamsitallapudi/Documents/springboot/others/NTSPBMS714/IOCProj11-Singleton-CoreJAva/src/main/resources
2021-06-11 09:06:45,791 [Worker-29: Building] INFO  o.e.m.c.i.embedder.EclipseLogger - Using 'UTF-8' encoding to copy filtered resources.
2021-06-11 09:06:45,791 [Worker-29: Building] INFO  o.e.m.c.i.embedder.EclipseLogger - skip non existing resourceDirectory /Users/vamsitallapudi/Documents/springboot/others/NTSPBMS714/IOCProj11-Singleton-CoreJAva/src/test/resources
2021-06-11 09:06:46,025 [Worker-29: Building] INFO  o.e.m.c.i.embedder.EclipseLogger - Using 'UTF-8' encoding to copy filtered resources.
2021-06-11 09:06:46,025 [Worker-29: Building] INFO  o.e.m.c.i.embedder.EclipseLogger - skip non existing resourceDirectory /Users/vamsitallapudi/Documents/springboot/others/NTSPBMS714/IOCProj13-RealtimeDI-RealtimeStrategyDP-AC-Propertiesfile/src/main/resources
2021-06-11 09:06:46,026 [Worker-29: Building] INFO  o.e.m.c.i.embedder.EclipseLogger - Using 'UTF-8' encoding to copy filtered resources.
2021-06-11 09:06:46,026 [Worker-29: Building] INFO  o.e.m.c.i.embedder.EclipseLogger - skip non existing resourceDirectory /Users/vamsitallapudi/Documents/springboot/others/NTSPBMS714/IOCProj13-RealtimeDI-RealtimeStrategyDP-AC-Propertiesfile/src/test/resources
2021-06-11 09:06:46,102 [Worker-29: Building] INFO  o.e.m.c.i.embedder.EclipseLogger - Using 'UTF-8' encoding to copy filtered resources.
2021-06-11 09:06:46,103 [Worker-29: Building] INFO  o.e.m.c.i.embedder.EclipseLogger - skip non existing resourceDirectory /Users/vamsitallapudi/Documents/springboot/others/NTSPBMS714/IOCProj14Anno-RequiredAnno/src/main/resources
2021-06-11 09:06:46,103 [Worker-29: Building] INFO  o.e.m.c.i.embedder.EclipseLogger - Using 'UTF-8' encoding to copy filtered resources.
2021-06-11 09:06:46,103 [Worker-29: Building] INFO  o.e.m.c.i.embedder.EclipseLogger - skip non existing resourceDirectory /Users/vamsitallapudi/Documents/springboot/others/NTSPBMS714/IOCProj14Anno-RequiredAnno/src/test/resources
2021-06-11 09:06:46,495 [Worker-29: Building] INFO  o.e.m.c.i.embedder.EclipseLogger - Using 'UTF-8' encoding to copy filtered resources.
2021-06-11 09:06:46,495 [Worker-29: Building] INFO  o.e.m.c.i.embedder.EclipseLogger - skip non existing resourceDirectory /Users/vamsitallapudi/Documents/springboot/others/NTSPBMS714/IOCProj18Anno-RealtimeDI-RealtimeStrategyDP/src/main/resources
2021-06-11 09:06:46,496 [Worker-29: Building] INFO  o.e.m.c.i.embedder.EclipseLogger - Using 'UTF-8' encoding to copy filtered resources.
2021-06-11 09:06:46,496 [Worker-29: Building] INFO  o.e.m.c.i.embedder.EclipseLogger - skip non existing resourceDirectory /Users/vamsitallapudi/Documents/springboot/others/NTSPBMS714/IOCProj18Anno-RealtimeDI-RealtimeStrategyDP/src/test/resources
2021-06-11 09:06:46,554 [Worker-29: Building] INFO  o.e.m.c.i.embedder.EclipseLogger - Using 'UTF-8' encoding to copy filtered resources.
2021-06-11 09:06:46,555 [Worker-29: Building] INFO  o.e.m.c.i.embedder.EclipseLogger - skip non existing resourceDirectory /Users/vamsitallapudi/Documents/springboot/others/NTSPBMS714/IOCProj19-SpringBeanLifecycle-Declarative/src/main/resources
2021-06-11 09:06:46,555 [Worker-29: Building] INFO  o.e.m.c.i.embedder.EclipseLogger - Using 'UTF-8' encoding to copy filtered resources.
2021-06-11 09:06:46,556 [Worker-29: Building] INFO  o.e.m.c.i.embedder.EclipseLogger - skip non existing resourceDirectory /Users/vamsitallapudi/Documents/springboot/others/NTSPBMS714/IOCProj19-SpringBeanLifecycle-Declarative/src/test/resources
2021-06-11 09:06:46,657 [Worker-29: Building] INFO  o.e.m.c.i.embedder.EclipseLogger - Using 'UTF-8' encoding to copy filtered resources.
2021-06-11 09:06:46,657 [Worker-29: Building] INFO  o.e.m.c.i.embedder.EclipseLogger - skip non existing resourceDirectory /Users/vamsitallapudi/Documents/springboot/others/NTSPBMS714/IOCProj20-SpringBeanLifecycle-Programatic/src/main/resources
2021-06-11 09:06:46,658 [Worker-29: Building] INFO  o.e.m.c.i.embedder.EclipseLogger - Using 'UTF-8' encoding to copy filtered resources.
2021-06-11 09:06:46,658 [Worker-29: Building] INFO  o.e.m.c.i.embedder.EclipseLogger - skip non existing resourceDirectory /Users/vamsitallapudi/Documents/springboot/others/NTSPBMS714/IOCProj20-SpringBeanLifecycle-Programatic/src/test/resources
2021-06-11 09:06:46,755 [Worker-29: Building] INFO  o.e.m.c.i.embedder.EclipseLogger - Using 'UTF-8' encoding to copy filtered resources.
2021-06-11 09:06:46,755 [Worker-29: Building] INFO  o.e.m.c.i.embedder.EclipseLogger - skip non existing resourceDirectory /Users/vamsitallapudi/Documents/springboot/others/NTSPBMS714/IOCProj21-SpringBeanLifecycle-Annotation/src/main/resources
2021-06-11 09:06:46,756 [Worker-29: Building] INFO  o.e.m.c.i.embedder.EclipseLogger - Using 'UTF-8' encoding to copy filtered resources.
2021-06-11 09:06:46,756 [Worker-29: Building] INFO  o.e.m.c.i.embedder.EclipseLogger - skip non existing resourceDirectory /Users/vamsitallapudi/Documents/springboot/others/NTSPBMS714/IOCProj21-SpringBeanLifecycle-Annotation/src/test/resources
2021-06-11 09:06:46,876 [Worker-29: Building] INFO  o.e.m.c.i.embedder.EclipseLogger - Using 'UTF-8' encoding to copy filtered resources.
2021-06-11 09:06:46,876 [Worker-29: Building] INFO  o.e.m.c.i.embedder.EclipseLogger - skip non existing resourceDirectory /Users/vamsitallapudi/Documents/springboot/others/NTSPBMS714/IOCProj22-SpringBeanLifecycle-All3/src/main/resources
2021-06-11 09:06:46,877 [Worker-29: Building] INFO  o.e.m.c.i.embedder.EclipseLogger - Using 'UTF-8' encoding to copy filtered resources.
2021-06-11 09:06:46,877 [Worker-29: Building] INFO  o.e.m.c.i.embedder.EclipseLogger - skip non existing resourceDirectory /Users/vamsitallapudi/Documents/springboot/others/NTSPBMS714/IOCProj22-SpringBeanLifecycle-All3/src/test/resources
2021-06-11 09:06:46,996 [Worker-29: Building] INFO  o.e.m.c.i.embedder.EclipseLogger - Using 'UTF-8' encoding to copy filtered resources.
2021-06-11 09:06:46,996 [Worker-29: Building] INFO  o.e.m.c.i.embedder.EclipseLogger - skip non existing resourceDirectory /Users/vamsitallapudi/Documents/springboot/others/NTSPBMS714/IOCProj23-100pCode-BasicApp/src/main/resources
2021-06-11 09:06:46,997 [Worker-29: Building] INFO  o.e.m.c.i.embedder.EclipseLogger - Using 'UTF-8' encoding to copy filtered resources.
2021-06-11 09:06:46,998 [Worker-29: Building] INFO  o.e.m.c.i.embedder.EclipseLogger - skip non existing resourceDirectory /Users/vamsitallapudi/Documents/springboot/others/NTSPBMS714/IOCProj23-100pCode-BasicApp/src/test/resources
2021-06-11 09:06:47,127 [Worker-29: Building] INFO  o.e.m.c.i.embedder.EclipseLogger - Using 'UTF-8' encoding to copy filtered resources.
2021-06-11 09:06:47,127 [Worker-29: Building] INFO  o.e.m.c.i.embedder.EclipseLogger - skip non existing resourceDirectory /Users/vamsitallapudi/Documents/springboot/others/NTSPBMS714/IOCProj24-100pCode-RealtimeDI-RealtimeStrategyDP/src/main/resources
2021-06-11 09:06:47,128 [Worker-29: Building] INFO  o.e.m.c.i.embedder.EclipseLogger - Using 'UTF-8' encoding to copy filtered resources.
2021-06-11 09:06:47,128 [Worker-29: Building] INFO  o.e.m.c.i.embedder.EclipseLogger - skip non existing resourceDirectory /Users/vamsitallapudi/Documents/springboot/others/NTSPBMS714/IOCProj24-100pCode-RealtimeDI-RealtimeStrategyDP/src/test/resources
2021-06-11 09:06:47,307 [Worker-29: Building] INFO  o.e.m.c.i.embedder.EclipseLogger - Using 'UTF-8' encoding to copy filtered resources.
2021-06-11 09:06:47,307 [Worker-29: Building] INFO  o.e.m.c.i.embedder.EclipseLogger - skip non existing resourceDirectory /Users/vamsitallapudi/Documents/springboot/others/NTSPBMS714/IOCProj25-100pCode-RealtimeDI-RealtimeStrategyDP-Properties file/src/main/resources
2021-06-11 09:06:47,308 [Worker-29: Building] INFO  o.e.m.c.i.embedder.EclipseLogger - Using 'UTF-8' encoding to copy filtered resources.
2021-06-11 09:06:47,308 [Worker-29: Building] INFO  o.e.m.c.i.embedder.EclipseLogger - skip non existing resourceDirectory /Users/vamsitallapudi/Documents/springboot/others/NTSPBMS714/IOCProj25-100pCode-RealtimeDI-RealtimeStrategyDP-Properties file/src/test/resources
2021-06-11 09:06:47,379 [Worker-29: Building] INFO  o.e.m.c.i.embedder.EclipseLogger - Using 'UTF-8' encoding to copy filtered resources.
2021-06-11 09:06:47,380 [Worker-29: Building] INFO  o.e.m.c.i.embedder.EclipseLogger - skip non existing resourceDirectory /Users/vamsitallapudi/Documents/springboot/others/NTSPBMS714/IOCProj26-Decl-TraditionalDependencyLookup/src/main/resources
2021-06-11 09:06:47,380 [Worker-29: Building] INFO  o.e.m.c.i.embedder.EclipseLogger - Using 'UTF-8' encoding to copy filtered resources.
2021-06-11 09:06:47,381 [Worker-29: Building] INFO  o.e.m.c.i.embedder.EclipseLogger - skip non existing resourceDirectory /Users/vamsitallapudi/Documents/springboot/others/NTSPBMS714/IOCProj26-Decl-TraditionalDependencyLookup/src/test/resources
2021-06-11 09:06:47,488 [Worker-29: Building] INFO  o.e.m.c.i.embedder.EclipseLogger - Using 'UTF-8' encoding to copy filtered resources.
2021-06-11 09:06:47,488 [Worker-29: Building] INFO  o.e.m.c.i.embedder.EclipseLogger - skip non existing resourceDirectory /Users/vamsitallapudi/Documents/springboot/others/NTSPBMS714/IOCProj27-Decl-AwareInjection+DependencyLookup/src/main/resources
2021-06-11 09:06:47,489 [Worker-29: Building] INFO  o.e.m.c.i.embedder.EclipseLogger - Using 'UTF-8' encoding to copy filtered resources.
2021-06-11 09:06:47,489 [Worker-29: Building] INFO  o.e.m.c.i.embedder.EclipseLogger - skip non existing resourceDirectory /Users/vamsitallapudi/Documents/springboot/others/NTSPBMS714/IOCProj27-Decl-AwareInjection+DependencyLookup/src/test/resources
2021-06-11 09:06:47,575 [Worker-29: Building] INFO  o.e.m.c.i.embedder.EclipseLogger - Using 'UTF-8' encoding to copy filtered resources.
2021-06-11 09:06:47,575 [Worker-29: Building] INFO  o.e.m.c.i.embedder.EclipseLogger - skip non existing resourceDirectory /Users/vamsitallapudi/Documents/springboot/others/NTSPBMS714/IOCProj28-LookUpMethodInjection/src/main/resources
2021-06-11 09:06:47,576 [Worker-29: Building] INFO  o.e.m.c.i.embedder.EclipseLogger - Using 'UTF-8' encoding to copy filtered resources.
2021-06-11 09:06:47,576 [Worker-29: Building] INFO  o.e.m.c.i.embedder.EclipseLogger - skip non existing resourceDirectory /Users/vamsitallapudi/Documents/springboot/others/NTSPBMS714/IOCProj28-LookUpMethodInjection/src/test/resources
2021-06-11 09:06:47,678 [Worker-29: Building] INFO  o.e.m.c.i.embedder.EclipseLogger - Using 'UTF-8' encoding to copy filtered resources.
2021-06-11 09:06:47,678 [Worker-29: Building] INFO  o.e.m.c.i.embedder.EclipseLogger - skip non existing resourceDirectory /Users/vamsitallapudi/Documents/springboot/others/NTSPBMS714/IOCProj29Anno-LookUpMethodInjection/src/main/resources
2021-06-11 09:06:47,679 [Worker-29: Building] INFO  o.e.m.c.i.embedder.EclipseLogger - Using 'UTF-8' encoding to copy filtered resources.
2021-06-11 09:06:47,679 [Worker-29: Building] INFO  o.e.m.c.i.embedder.EclipseLogger - skip non existing resourceDirectory /Users/vamsitallapudi/Documents/springboot/others/NTSPBMS714/IOCProj29Anno-LookUpMethodInjection/src/test/resources
2021-06-11 09:06:47,803 [Worker-29: Building] INFO  o.e.m.c.i.embedder.EclipseLogger - Using 'UTF-8' encoding to copy filtered resources.
2021-06-11 09:06:47,803 [Worker-29: Building] INFO  o.e.m.c.i.embedder.EclipseLogger - skip non existing resourceDirectory /Users/vamsitallapudi/Documents/springboot/others/NTSPBMS714/IOCProj30-100pCode-LookUpMethodInjection2/src/main/resources
2021-06-11 09:06:47,804 [Worker-29: Building] INFO  o.e.m.c.i.embedder.EclipseLogger - Using 'UTF-8' encoding to copy filtered resources.
2021-06-11 09:06:47,804 [Worker-29: Building] INFO  o.e.m.c.i.embedder.EclipseLogger - skip non existing resourceDirectory /Users/vamsitallapudi/Documents/springboot/others/NTSPBMS714/IOCProj30-100pCode-LookUpMethodInjection2/src/test/resources
2021-06-11 09:06:47,890 [Worker-29: Building] INFO  o.e.m.c.i.embedder.EclipseLogger - Using 'UTF-8' encoding to copy filtered resources.
2021-06-11 09:06:47,890 [Worker-29: Building] INFO  o.e.m.c.i.embedder.EclipseLogger - skip non existing resourceDirectory /Users/vamsitallapudi/Documents/springboot/others/NTSPBMS714/IOCProj31-MethodReplacer/src/main/resources
2021-06-11 09:06:47,891 [Worker-29: Building] INFO  o.e.m.c.i.embedder.EclipseLogger - Using 'UTF-8' encoding to copy filtered resources.
2021-06-11 09:06:47,891 [Worker-29: Building] INFO  o.e.m.c.i.embedder.EclipseLogger - skip non existing resourceDirectory /Users/vamsitallapudi/Documents/springboot/others/NTSPBMS714/IOCProj31-MethodReplacer/src/test/resources
2021-06-11 09:06:47,988 [Worker-29: Building] INFO  o.e.m.c.i.embedder.EclipseLogger - Using 'UTF-8' encoding to copy filtered resources.
2021-06-11 09:06:47,988 [Worker-29: Building] INFO  o.e.m.c.i.embedder.EclipseLogger - skip non existing resourceDirectory /Users/vamsitallapudi/Documents/springboot/others/NTSPBMS714/IOCProj33-100pCode-MethodReplacer/src/main/resources
2021-06-11 09:06:47,989 [Worker-29: Building] INFO  o.e.m.c.i.embedder.EclipseLogger - Using 'UTF-8' encoding to copy filtered resources.
2021-06-11 09:06:47,989 [Worker-29: Building] INFO  o.e.m.c.i.embedder.EclipseLogger - skip non existing resourceDirectory /Users/vamsitallapudi/Documents/springboot/others/NTSPBMS714/IOCProj33-100pCode-MethodReplacer/src/test/resources
2021-06-11 09:11:52,958 [Worker-33: Update Maven projects configuration] INFO  o.e.m.c.i.p.ProjectConfigurationManager - Update started
2021-06-11 09:11:53,436 [Worker-33: Update Maven projects configuration] INFO  o.e.m.c.i.l.LifecycleMappingFactory - Using org.eclipse.m2e.jdt.JarLifecycleMapping lifecycle mapping for MavenProject: nit:BootProj04-RealtimeDI-AutoConfiguration:0.0.1-SNAPSHOT @ /Users/vamsitallapudi/Documents/springboot/others/NTSPBMS714/BootProj04-RealtimeDI-AutoConfiguration/pom.xml.
2021-06-11 09:11:54,210 [Worker-33: Update Maven projects configuration] INFO  o.e.m.c.i.e.AbstractTransferListenerAdapter - Downloading https://repo.maven.apache.org/maven2/com/oracle/database/jdbc/ojdbc8/21.1.0.0/ojdbc8-21.1.0.0.pom
2021-06-11 09:11:54,361 [Worker-33: Update Maven projects configuration] INFO  o.e.m.c.i.e.AbstractTransferListenerAdapter - Downloaded https://repo.maven.apache.org/maven2/com/oracle/database/jdbc/ojdbc8/21.1.0.0/ojdbc8-21.1.0.0.pom
2021-06-11 09:11:54,582 [Worker-33: Update Maven projects configuration] INFO  o.e.m.c.i.e.AbstractTransferListenerAdapter - Downloading https://repo.maven.apache.org/maven2/com/oracle/database/jdbc/ojdbc8/21.1.0.0/ojdbc8-21.1.0.0.jar
2021-06-11 09:12:43,239 [Worker-33: Update Maven projects configuration] INFO  o.e.m.c.i.e.AbstractTransferListenerAdapter - Downloaded https://repo.maven.apache.org/maven2/com/oracle/database/jdbc/ojdbc8/21.1.0.0/ojdbc8-21.1.0.0.jar
2021-06-11 09:12:44,778 [Worker-2: Building] INFO  o.e.m.c.i.embedder.EclipseLogger - Using 'UTF-8' encoding to copy filtered resources.
2021-06-11 09:12:44,779 [Worker-2: Building] INFO  o.e.m.c.i.embedder.EclipseLogger - Using 'UTF-8' encoding to copy filtered properties files.
2021-06-11 09:12:44,781 [Worker-2: Building] INFO  o.e.m.c.i.embedder.EclipseLogger - Copying 0 resource
2021-06-11 09:12:44,782 [Worker-2: Building] INFO  o.e.m.c.i.embedder.EclipseLogger - Copying 0 resource
2021-06-11 09:12:44,784 [Worker-2: Building] INFO  o.e.m.c.i.embedder.EclipseLogger - Using 'UTF-8' encoding to copy filtered resources.
2021-06-11 09:12:44,784 [Worker-2: Building] INFO  o.e.m.c.i.embedder.EclipseLogger - Using 'UTF-8' encoding to copy filtered properties files.
2021-06-11 09:12:44,784 [Worker-2: Building] INFO  o.e.m.c.i.embedder.EclipseLogger - skip non existing resourceDirectory /Users/vamsitallapudi/Documents/springboot/others/NTSPBMS714/BootProj03-DependencyInjection-JAvaConfigAnnotations/src/test/resources
2021-06-11 09:12:44,820 [Worker-33: Update Maven projects configuration] INFO  o.e.m.j.i.AbstractJavaProjectConfigurator - Adding source folder /BootProj04-RealtimeDI-AutoConfiguration/src/main/java
2021-06-11 09:12:44,821 [Worker-33: Update Maven projects configuration] INFO  o.e.m.j.i.AbstractJavaProjectConfigurator - Adding resource folder /BootProj04-RealtimeDI-AutoConfiguration/src/main/resources
2021-06-11 09:12:44,827 [Worker-33: Update Maven projects configuration] INFO  o.e.m.j.i.AbstractJavaProjectConfigurator - Adding resource folder /BootProj04-RealtimeDI-AutoConfiguration/src/main/resources
2021-06-11 09:12:44,836 [Worker-33: Update Maven projects configuration] INFO  o.e.m.j.i.AbstractJavaProjectConfigurator - Adding source folder /BootProj04-RealtimeDI-AutoConfiguration/src/test/java
2021-06-11 09:12:45,107 [Worker-33: Update Maven projects configuration] INFO  o.e.m.c.i.p.ProjectConfigurationManager - Update completed: 52 sec
2021-06-11 09:12:45,562 [Worker-35: Building] INFO  o.e.m.c.i.embedder.EclipseLogger - Using 'UTF-8' encoding to copy filtered resources.
2021-06-11 09:12:45,562 [Worker-35: Building] INFO  o.e.m.c.i.embedder.EclipseLogger - Using 'UTF-8' encoding to copy filtered properties files.
2021-06-11 09:12:45,562 [Worker-35: Building] INFO  o.e.m.c.i.embedder.EclipseLogger - Copying 1 resource
2021-06-11 09:12:45,587 [Worker-35: Building] INFO  o.e.m.c.i.embedder.EclipseLogger - Copying 0 resource
2021-06-11 09:12:45,589 [Worker-35: Building] INFO  o.e.m.c.i.embedder.EclipseLogger - Using 'UTF-8' encoding to copy filtered resources.
2021-06-11 09:12:45,589 [Worker-35: Building] INFO  o.e.m.c.i.embedder.EclipseLogger - Using 'UTF-8' encoding to copy filtered properties files.
2021-06-11 09:12:45,589 [Worker-35: Building] INFO  o.e.m.c.i.embedder.EclipseLogger - skip non existing resourceDirectory /Users/vamsitallapudi/Documents/springboot/others/NTSPBMS714/BootProj04-RealtimeDI-AutoConfiguration/src/test/resources
2021-06-11 09:12:45,715 [Worker-30: Download sources and javadoc] INFO  o.e.m.c.i.e.AbstractTransferListenerAdapter - Downloading https://repo.maven.apache.org/maven2/com/oracle/database/jdbc/ojdbc8/21.1.0.0/ojdbc8-21.1.0.0-sources.jar
2021-06-11 09:12:45,889 [Worker-30: Download sources and javadoc] INFO  o.e.m.c.i.e.AbstractTransferListenerAdapter - Downloaded https://repo.maven.apache.org/maven2/com/oracle/database/jdbc/ojdbc8/21.1.0.0/ojdbc8-21.1.0.0-sources.jar
2021-06-11 09:12:46,187 [Worker-30: Download sources and javadoc] INFO  o.e.m.j.internal.DownloadSourcesJob - Downloaded sources for com.oracle.database.jdbc:ojdbc8:21.1.0.0
2021-06-11 09:12:46,191 [Worker-30: Download sources and javadoc] INFO  o.e.m.j.internal.DownloadSourcesJob - Downloaded sources for com.oracle.database.jdbc:ojdbc8:21.1.0.0
2021-06-11 09:12:46,694 [Worker-35: Building] INFO  o.e.m.c.i.embedder.EclipseLogger - Using 'UTF-8' encoding to copy filtered resources.
2021-06-11 09:12:46,694 [Worker-35: Building] INFO  o.e.m.c.i.embedder.EclipseLogger - Using 'UTF-8' encoding to copy filtered properties files.
2021-06-11 09:12:46,694 [Worker-35: Building] INFO  o.e.m.c.i.embedder.EclipseLogger - Copying 0 resource
2021-06-11 09:12:46,695 [Worker-35: Building] INFO  o.e.m.c.i.embedder.EclipseLogger - Copying 0 resource
2021-06-11 09:12:46,697 [Worker-35: Building] INFO  o.e.m.c.i.embedder.EclipseLogger - Using 'UTF-8' encoding to copy filtered resources.
2021-06-11 09:12:46,697 [Worker-35: Building] INFO  o.e.m.c.i.embedder.EclipseLogger - Using 'UTF-8' encoding to copy filtered properties files.
2021-06-11 09:12:46,697 [Worker-35: Building] INFO  o.e.m.c.i.embedder.EclipseLogger - skip non existing resourceDirectory /Users/vamsitallapudi/Documents/springboot/others/NTSPBMS714/BootProj04-RealtimeDI-AutoConfiguration/src/test/resources
2021-06-11 09:15:04,993 [Worker-2: Building] ERROR o.e.m.c.i.i.nexus.NexusIndexManager - Unable to remove nit/BootProj02-DependencyInjection/0.0.1-SNAPSHOT/BootProj02-DependencyInjection-0.0.1-SNAPSHOT.pom
java.nio.file.NoSuchFileException: /Users/vamsitallapudi/Documents/springboot/learn spring boot/others/NTSPBMS714/.metadata/.plugins/org.eclipse.m2e.core/nexus/830bc118332e77292949ed1e6d2fabe0/write.lock
	at java.base/sun.nio.fs.UnixException.translateToIOException(UnixException.java:92)
	at java.base/sun.nio.fs.UnixException.rethrowAsIOException(UnixException.java:111)
	at java.base/sun.nio.fs.UnixException.rethrowAsIOException(UnixException.java:116)
	at java.base/sun.nio.fs.UnixFileAttributeViews$Basic.readAttributes(UnixFileAttributeViews.java:55)
	at java.base/sun.nio.fs.UnixFileSystemProvider.readAttributes(UnixFileSystemProvider.java:149)
	at java.base/java.nio.file.Files.readAttributes(Files.java:1843)
	at org.apache.lucene.store.NativeFSLockFactory$NativeFSLock.ensureValid(NativeFSLockFactory.java:177)
	at org.apache.lucene.store.LockValidatingDirectoryWrapper.createOutput(LockValidatingDirectoryWrapper.java:43)
	at org.apache.lucene.store.TrackingDirectoryWrapper.createOutput(TrackingDirectoryWrapper.java:43)
	at org.apache.lucene.codecs.compressing.CompressingStoredFieldsWriter.<init>(CompressingStoredFieldsWriter.java:108)
	at org.apache.lucene.codecs.compressing.CompressingStoredFieldsFormat.fieldsWriter(CompressingStoredFieldsFormat.java:128)
	at org.apache.lucene.codecs.lucene50.Lucene50StoredFieldsFormat.fieldsWriter(Lucene50StoredFieldsFormat.java:183)
	at org.apache.lucene.index.DefaultIndexingChain.initStoredFieldsWriter(DefaultIndexingChain.java:81)
	at org.apache.lucene.index.DefaultIndexingChain.startStoredFields(DefaultIndexingChain.java:279)
	at org.apache.lucene.index.DefaultIndexingChain.processDocument(DefaultIndexingChain.java:316)
	at org.apache.lucene.index.DocumentsWriterPerThread.updateDocument(DocumentsWriterPerThread.java:234)
	at org.apache.lucene.index.DocumentsWriter.updateDocument(DocumentsWriter.java:450)
	at org.apache.lucene.index.IndexWriter.updateDocument(IndexWriter.java:1477)
	at org.apache.lucene.index.IndexWriter.addDocument(IndexWriter.java:1256)
	at org.apache.maven.index.DefaultIndexerEngine.remove(DefaultIndexerEngine.java:188)
	at org.apache.maven.index.DefaultIndexer.deleteArtifactsFromIndex(DefaultIndexer.java:143)
	at org.apache.maven.index.DefaultNexusIndexer.deleteArtifactFromIndex(DefaultNexusIndexer.java:362)
	at org.eclipse.m2e.core.internal.index.nexus.NexusIndexManager.removeDocument(NexusIndexManager.java:629)
	at org.eclipse.m2e.core.internal.index.nexus.NexusIndexManager.mavenProjectChanged(NexusIndexManager.java:760)
	at org.eclipse.m2e.core.internal.project.registry.ProjectRegistryManager.notifyProjectChangeListeners(ProjectRegistryManager.java:824)
	at org.eclipse.m2e.core.internal.project.registry.ProjectRegistryManager.applyMutableProjectRegistry(ProjectRegistryManager.java:990)
	at org.eclipse.m2e.core.internal.project.registry.ProjectRegistryManager.refresh(ProjectRegistryManager.java:317)
	at org.eclipse.m2e.core.internal.builder.MavenBuilder$BuildMethod.getProjectFacade(MavenBuilder.java:151)
	at org.eclipse.m2e.core.internal.builder.MavenBuilder$BuildMethod.lambda$0(MavenBuilder.java:89)
	at org.eclipse.m2e.core.internal.embedder.MavenExecutionContext.executeBare(MavenExecutionContext.java:179)
	at org.eclipse.m2e.core.internal.embedder.MavenExecutionContext.execute(MavenExecutionContext.java:153)
	at org.eclipse.m2e.core.internal.embedder.MavenExecutionContext.execute(MavenExecutionContext.java:101)
	at org.eclipse.m2e.core.internal.builder.MavenBuilder$BuildMethod.execute(MavenBuilder.java:88)
	at org.eclipse.m2e.core.internal.builder.MavenBuilder.build(MavenBuilder.java:197)
	at org.eclipse.core.internal.events.BuildManager$2.run(BuildManager.java:846)
	at org.eclipse.core.runtime.SafeRunner.run(SafeRunner.java:45)
	at org.eclipse.core.internal.events.BuildManager.basicBuild(BuildManager.java:229)
	at org.eclipse.core.internal.events.BuildManager.basicBuild(BuildManager.java:277)
	at org.eclipse.core.internal.events.BuildManager$1.run(BuildManager.java:330)
	at org.eclipse.core.runtime.SafeRunner.run(SafeRunner.java:45)
	at org.eclipse.core.internal.events.BuildManager.basicBuild(BuildManager.java:333)
	at org.eclipse.core.internal.events.BuildManager.basicBuildLoop(BuildManager.java:385)
	at org.eclipse.core.internal.events.BuildManager.build(BuildManager.java:406)
	at org.eclipse.core.internal.events.AutoBuildJob.doBuild(AutoBuildJob.java:154)
	at org.eclipse.core.internal.events.AutoBuildJob.run(AutoBuildJob.java:244)
	at org.eclipse.core.internal.jobs.Worker.run(Worker.java:63)
2021-06-11 09:15:05,055 [Worker-2: Building] ERROR o.e.m.jdt.internal.BuildPathManager - Can't save classpath container state for BootProj03-DependencyInjection-JAvaConfigAnnotations
java.io.FileNotFoundException: /Users/vamsitallapudi/Documents/springboot/learn spring boot/others/NTSPBMS714/.metadata/.plugins/org.eclipse.m2e.jdt/BootProj03-DependencyInjection-JAvaConfigAnnotations.container (No such file or directory)
	at java.base/java.io.FileOutputStream.open0(Native Method)
	at java.base/java.io.FileOutputStream.open(FileOutputStream.java:291)
	at java.base/java.io.FileOutputStream.<init>(FileOutputStream.java:234)
	at java.base/java.io.FileOutputStream.<init>(FileOutputStream.java:184)
	at org.eclipse.m2e.jdt.internal.BuildPathManager.saveContainerState(BuildPathManager.java:222)
	at org.eclipse.m2e.jdt.internal.BuildPathManager.updateClasspath(BuildPathManager.java:211)
	at org.eclipse.m2e.jdt.internal.BuildPathManager.mavenProjectChanged(BuildPathManager.java:196)
	at org.eclipse.m2e.core.internal.project.registry.ProjectRegistryManager.notifyProjectChangeListeners(ProjectRegistryManager.java:824)
	at org.eclipse.m2e.core.internal.project.registry.ProjectRegistryManager.applyMutableProjectRegistry(ProjectRegistryManager.java:990)
	at org.eclipse.m2e.core.internal.project.registry.ProjectRegistryManager.refresh(ProjectRegistryManager.java:317)
	at org.eclipse.m2e.core.internal.builder.MavenBuilder$BuildMethod.getProjectFacade(MavenBuilder.java:151)
	at org.eclipse.m2e.core.internal.builder.MavenBuilder$BuildMethod.lambda$0(MavenBuilder.java:89)
	at org.eclipse.m2e.core.internal.embedder.MavenExecutionContext.executeBare(MavenExecutionContext.java:179)
	at org.eclipse.m2e.core.internal.embedder.MavenExecutionContext.execute(MavenExecutionContext.java:153)
	at org.eclipse.m2e.core.internal.embedder.MavenExecutionContext.execute(MavenExecutionContext.java:101)
	at org.eclipse.m2e.core.internal.builder.MavenBuilder$BuildMethod.execute(MavenBuilder.java:88)
	at org.eclipse.m2e.core.internal.builder.MavenBuilder.build(MavenBuilder.java:197)
	at org.eclipse.core.internal.events.BuildManager$2.run(BuildManager.java:846)
	at org.eclipse.core.runtime.SafeRunner.run(SafeRunner.java:45)
	at org.eclipse.core.internal.events.BuildManager.basicBuild(BuildManager.java:229)
	at org.eclipse.core.internal.events.BuildManager.basicBuild(BuildManager.java:277)
	at org.eclipse.core.internal.events.BuildManager$1.run(BuildManager.java:330)
	at org.eclipse.core.runtime.SafeRunner.run(SafeRunner.java:45)
	at org.eclipse.core.internal.events.BuildManager.basicBuild(BuildManager.java:333)
	at org.eclipse.core.internal.events.BuildManager.basicBuildLoop(BuildManager.java:385)
	at org.eclipse.core.internal.events.BuildManager.build(BuildManager.java:406)
	at org.eclipse.core.internal.events.AutoBuildJob.doBuild(AutoBuildJob.java:154)
	at org.eclipse.core.internal.events.AutoBuildJob.run(AutoBuildJob.java:244)
	at org.eclipse.core.internal.jobs.Worker.run(Worker.java:63)
2021-06-11 09:15:07,403 [Worker-32: Building] INFO  o.e.m.c.i.embedder.EclipseLogger - Using 'UTF-8' encoding to copy filtered resources.
2021-06-11 09:15:07,403 [Worker-32: Building] INFO  o.e.m.c.i.embedder.EclipseLogger - Using 'UTF-8' encoding to copy filtered properties files.
2021-06-11 09:15:07,403 [Worker-32: Building] INFO  o.e.m.c.i.embedder.EclipseLogger - skip non existing resourceDirectory /Users/vamsitallapudi/Documents/springboot/others/NTSPBMS714/BootProj04-RealtimeDI-AutoConfiguration/src/main/resources
2021-06-11 09:15:07,404 [Worker-32: Building] INFO  o.e.m.c.i.embedder.EclipseLogger - skip non existing resourceDirectory /Users/vamsitallapudi/Documents/springboot/others/NTSPBMS714/BootProj04-RealtimeDI-AutoConfiguration/src/main/resources
2021-06-11 09:15:07,407 [Worker-32: Building] INFO  o.e.m.c.i.embedder.EclipseLogger - Using 'UTF-8' encoding to copy filtered resources.
2021-06-11 09:15:07,407 [Worker-32: Building] INFO  o.e.m.c.i.embedder.EclipseLogger - Using 'UTF-8' encoding to copy filtered properties files.
2021-06-11 09:15:07,409 [Worker-32: Building] INFO  o.e.m.c.i.embedder.EclipseLogger - skip non existing resourceDirectory /Users/vamsitallapudi/Documents/springboot/others/NTSPBMS714/BootProj04-RealtimeDI-AutoConfiguration/src/test/resources
2021-06-11 09:15:12,451 [Worker-33: Building] ERROR o.e.m.c.i.i.nexus.NexusIndexManager - Unable to remove nit/BootProj04-RealtimeDI-AutoConfiguration/0.0.1-SNAPSHOT/BootProj04-RealtimeDI-AutoConfiguration-0.0.1-SNAPSHOT.pom
org.apache.lucene.store.AlreadyClosedException: this IndexWriter is closed
	at org.apache.lucene.index.IndexWriter.ensureOpen(IndexWriter.java:720)
	at org.apache.lucene.index.IndexWriter.ensureOpen(IndexWriter.java:734)
	at org.apache.lucene.index.IndexWriter.updateDocument(IndexWriter.java:1473)
	at org.apache.lucene.index.IndexWriter.addDocument(IndexWriter.java:1256)
	at org.apache.maven.index.DefaultIndexerEngine.remove(DefaultIndexerEngine.java:188)
	at org.apache.maven.index.DefaultIndexer.deleteArtifactsFromIndex(DefaultIndexer.java:143)
	at org.apache.maven.index.DefaultNexusIndexer.deleteArtifactFromIndex(DefaultNexusIndexer.java:362)
	at org.eclipse.m2e.core.internal.index.nexus.NexusIndexManager.removeDocument(NexusIndexManager.java:629)
	at org.eclipse.m2e.core.internal.index.nexus.NexusIndexManager.mavenProjectChanged(NexusIndexManager.java:760)
	at org.eclipse.m2e.core.internal.project.registry.ProjectRegistryManager.notifyProjectChangeListeners(ProjectRegistryManager.java:824)
	at org.eclipse.m2e.core.internal.project.registry.ProjectRegistryManager.applyMutableProjectRegistry(ProjectRegistryManager.java:990)
	at org.eclipse.m2e.core.internal.project.registry.ProjectRegistryManager.refresh(ProjectRegistryManager.java:317)
	at org.eclipse.m2e.core.internal.builder.MavenBuilder$BuildMethod.getProjectFacade(MavenBuilder.java:151)
	at org.eclipse.m2e.core.internal.builder.MavenBuilder$BuildMethod.lambda$0(MavenBuilder.java:89)
	at org.eclipse.m2e.core.internal.embedder.MavenExecutionContext.executeBare(MavenExecutionContext.java:179)
	at org.eclipse.m2e.core.internal.embedder.MavenExecutionContext.execute(MavenExecutionContext.java:153)
	at org.eclipse.m2e.core.internal.embedder.MavenExecutionContext.execute(MavenExecutionContext.java:101)
	at org.eclipse.m2e.core.internal.builder.MavenBuilder$BuildMethod.execute(MavenBuilder.java:88)
	at org.eclipse.m2e.core.internal.builder.MavenBuilder.build(MavenBuilder.java:197)
	at org.eclipse.core.internal.events.BuildManager$2.run(BuildManager.java:846)
	at org.eclipse.core.runtime.SafeRunner.run(SafeRunner.java:45)
	at org.eclipse.core.internal.events.BuildManager.basicBuild(BuildManager.java:229)
	at org.eclipse.core.internal.events.BuildManager.basicBuild(BuildManager.java:277)
	at org.eclipse.core.internal.events.BuildManager$1.run(BuildManager.java:330)
	at org.eclipse.core.runtime.SafeRunner.run(SafeRunner.java:45)
	at org.eclipse.core.internal.events.BuildManager.basicBuild(BuildManager.java:333)
	at org.eclipse.core.internal.events.BuildManager.basicBuildLoop(BuildManager.java:385)
	at org.eclipse.core.internal.events.BuildManager.build(BuildManager.java:406)
	at org.eclipse.core.internal.events.AutoBuildJob.doBuild(AutoBuildJob.java:154)
	at org.eclipse.core.internal.events.AutoBuildJob.run(AutoBuildJob.java:244)
	at org.eclipse.core.internal.jobs.Worker.run(Worker.java:63)
Caused by: java.nio.file.NoSuchFileException: /Users/vamsitallapudi/Documents/springboot/learn spring boot/others/NTSPBMS714/.metadata/.plugins/org.eclipse.m2e.core/nexus/830bc118332e77292949ed1e6d2fabe0/write.lock
	at java.base/sun.nio.fs.UnixException.translateToIOException(UnixException.java:92)
	at java.base/sun.nio.fs.UnixException.rethrowAsIOException(UnixException.java:111)
	at java.base/sun.nio.fs.UnixException.rethrowAsIOException(UnixException.java:116)
	at java.base/sun.nio.fs.UnixFileAttributeViews$Basic.readAttributes(UnixFileAttributeViews.java:55)
	at java.base/sun.nio.fs.UnixFileSystemProvider.readAttributes(UnixFileSystemProvider.java:149)
	at java.base/java.nio.file.Files.readAttributes(Files.java:1843)
	at org.apache.lucene.store.NativeFSLockFactory$NativeFSLock.ensureValid(NativeFSLockFactory.java:177)
	at org.apache.lucene.store.LockValidatingDirectoryWrapper.createOutput(LockValidatingDirectoryWrapper.java:43)
	at org.apache.lucene.store.TrackingDirectoryWrapper.createOutput(TrackingDirectoryWrapper.java:43)
	at org.apache.lucene.codecs.compressing.CompressingStoredFieldsWriter.<init>(CompressingStoredFieldsWriter.java:108)
	at org.apache.lucene.codecs.compressing.CompressingStoredFieldsFormat.fieldsWriter(CompressingStoredFieldsFormat.java:128)
	at org.apache.lucene.codecs.lucene50.Lucene50StoredFieldsFormat.fieldsWriter(Lucene50StoredFieldsFormat.java:183)
	at org.apache.lucene.index.DefaultIndexingChain.initStoredFieldsWriter(DefaultIndexingChain.java:81)
	at org.apache.lucene.index.DefaultIndexingChain.startStoredFields(DefaultIndexingChain.java:279)
	at org.apache.lucene.index.DefaultIndexingChain.processDocument(DefaultIndexingChain.java:316)
	at org.apache.lucene.index.DocumentsWriterPerThread.updateDocument(DocumentsWriterPerThread.java:234)
	at org.apache.lucene.index.DocumentsWriter.updateDocument(DocumentsWriter.java:450)
	at org.apache.lucene.index.IndexWriter.updateDocument(IndexWriter.java:1477)
	... 28 common frames omitted
2021-06-11 09:15:12,455 [Worker-33: Building] ERROR o.e.m.jdt.internal.BuildPathManager - Can't save classpath container state for BootProj04-RealtimeDI-AutoConfiguration
java.io.FileNotFoundException: /Users/vamsitallapudi/Documents/springboot/learn spring boot/others/NTSPBMS714/.metadata/.plugins/org.eclipse.m2e.jdt/BootProj04-RealtimeDI-AutoConfiguration.container (No such file or directory)
	at java.base/java.io.FileOutputStream.open0(Native Method)
	at java.base/java.io.FileOutputStream.open(FileOutputStream.java:291)
	at java.base/java.io.FileOutputStream.<init>(FileOutputStream.java:234)
	at java.base/java.io.FileOutputStream.<init>(FileOutputStream.java:184)
	at org.eclipse.m2e.jdt.internal.BuildPathManager.saveContainerState(BuildPathManager.java:222)
	at org.eclipse.m2e.jdt.internal.BuildPathManager.updateClasspath(BuildPathManager.java:211)
	at org.eclipse.m2e.jdt.internal.BuildPathManager.mavenProjectChanged(BuildPathManager.java:196)
	at org.eclipse.m2e.core.internal.project.registry.ProjectRegistryManager.notifyProjectChangeListeners(ProjectRegistryManager.java:824)
	at org.eclipse.m2e.core.internal.project.registry.ProjectRegistryManager.applyMutableProjectRegistry(ProjectRegistryManager.java:990)
	at org.eclipse.m2e.core.internal.project.registry.ProjectRegistryManager.refresh(ProjectRegistryManager.java:317)
	at org.eclipse.m2e.core.internal.builder.MavenBuilder$BuildMethod.getProjectFacade(MavenBuilder.java:151)
	at org.eclipse.m2e.core.internal.builder.MavenBuilder$BuildMethod.lambda$0(MavenBuilder.java:89)
	at org.eclipse.m2e.core.internal.embedder.MavenExecutionContext.executeBare(MavenExecutionContext.java:179)
	at org.eclipse.m2e.core.internal.embedder.MavenExecutionContext.execute(MavenExecutionContext.java:153)
	at org.eclipse.m2e.core.internal.embedder.MavenExecutionContext.execute(MavenExecutionContext.java:101)
	at org.eclipse.m2e.core.internal.builder.MavenBuilder$BuildMethod.execute(MavenBuilder.java:88)
	at org.eclipse.m2e.core.internal.builder.MavenBuilder.build(MavenBuilder.java:197)
	at org.eclipse.core.internal.events.BuildManager$2.run(BuildManager.java:846)
	at org.eclipse.core.runtime.SafeRunner.run(SafeRunner.java:45)
	at org.eclipse.core.internal.events.BuildManager.basicBuild(BuildManager.java:229)
	at org.eclipse.core.internal.events.BuildManager.basicBuild(BuildManager.java:277)
	at org.eclipse.core.internal.events.BuildManager$1.run(BuildManager.java:330)
	at org.eclipse.core.runtime.SafeRunner.run(SafeRunner.java:45)
	at org.eclipse.core.internal.events.BuildManager.basicBuild(BuildManager.java:333)
	at org.eclipse.core.internal.events.BuildManager.basicBuildLoop(BuildManager.java:385)
	at org.eclipse.core.internal.events.BuildManager.build(BuildManager.java:406)
	at org.eclipse.core.internal.events.AutoBuildJob.doBuild(AutoBuildJob.java:154)
	at org.eclipse.core.internal.events.AutoBuildJob.run(AutoBuildJob.java:244)
	at org.eclipse.core.internal.jobs.Worker.run(Worker.java:63)
2021-06-11 09:31:24,442 [Worker-34: Building workspace] INFO  o.e.m.c.i.l.LifecycleMappingFactory - Using org.eclipse.m2e.jdt.JarLifecycleMapping lifecycle mapping for MavenProject: nit:BootProj02-DependencyInjection:0.0.1-SNAPSHOT @ /Users/vamsitallapudi/Documents/springboot/others/NTSPBMS714/BootProj03-DependencyInjection-JAvaConfigAnnotations/pom.xml.
2021-06-11 09:31:24,993 [Worker-34: Building workspace] ERROR o.e.m.c.i.i.nexus.NexusIndexManager - Unable to add nit/BootProj02-DependencyInjection/0.0.1-SNAPSHOT/BootProj02-DependencyInjection-0.0.1-SNAPSHOT.pom
org.apache.lucene.store.AlreadyClosedException: this IndexWriter is closed
	at org.apache.lucene.index.IndexWriter.ensureOpen(IndexWriter.java:720)
	at org.apache.lucene.index.IndexWriter.ensureOpen(IndexWriter.java:734)
	at org.apache.lucene.index.IndexWriter.nrtIsCurrent(IndexWriter.java:4602)
	at org.apache.lucene.index.StandardDirectoryReader.doOpenFromWriter(StandardDirectoryReader.java:282)
	at org.apache.lucene.index.StandardDirectoryReader.doOpenIfChanged(StandardDirectoryReader.java:261)
	at org.apache.lucene.index.StandardDirectoryReader.doOpenIfChanged(StandardDirectoryReader.java:251)
	at org.apache.lucene.index.DirectoryReader.openIfChanged(DirectoryReader.java:137)
	at org.apache.lucene.search.SearcherManager.refreshIfNeeded(SearcherManager.java:154)
	at org.apache.lucene.search.SearcherManager.refreshIfNeeded(SearcherManager.java:58)
	at org.apache.lucene.search.ReferenceManager.doMaybeRefresh(ReferenceManager.java:176)
	at org.apache.lucene.search.ReferenceManager.maybeRefresh(ReferenceManager.java:225)
	at org.apache.maven.index.context.DefaultIndexingContext.acquireIndexSearcher(DefaultIndexingContext.java:556)
	at org.apache.maven.index.DefaultIndexerEngine.getOldDocument(DefaultIndexerEngine.java:135)
	at org.apache.maven.index.DefaultIndexerEngine.update(DefaultIndexerEngine.java:80)
	at org.apache.maven.index.DefaultIndexer.addArtifactsToIndex(DefaultIndexer.java:129)
	at org.apache.maven.index.DefaultNexusIndexer.addArtifactToIndex(DefaultNexusIndexer.java:347)
	at org.eclipse.m2e.core.internal.index.nexus.NexusIndexManager.addDocument(NexusIndexManager.java:590)
	at org.eclipse.m2e.core.internal.index.nexus.NexusIndexManager.mavenProjectChanged(NexusIndexManager.java:765)
	at org.eclipse.m2e.core.internal.project.registry.ProjectRegistryManager.notifyProjectChangeListeners(ProjectRegistryManager.java:824)
	at org.eclipse.m2e.core.internal.project.registry.ProjectRegistryManager.applyMutableProjectRegistry(ProjectRegistryManager.java:990)
	at org.eclipse.m2e.core.internal.project.registry.ProjectRegistryManager.refresh(ProjectRegistryManager.java:317)
	at org.eclipse.m2e.core.internal.builder.MavenBuilder$BuildMethod.getProjectFacade(MavenBuilder.java:151)
	at org.eclipse.m2e.core.internal.builder.MavenBuilder$BuildMethod.lambda$0(MavenBuilder.java:89)
	at org.eclipse.m2e.core.internal.embedder.MavenExecutionContext.executeBare(MavenExecutionContext.java:179)
	at org.eclipse.m2e.core.internal.embedder.MavenExecutionContext.execute(MavenExecutionContext.java:153)
	at org.eclipse.m2e.core.internal.embedder.MavenExecutionContext.execute(MavenExecutionContext.java:101)
	at org.eclipse.m2e.core.internal.builder.MavenBuilder$BuildMethod.execute(MavenBuilder.java:88)
	at org.eclipse.m2e.core.internal.builder.MavenBuilder.build(MavenBuilder.java:197)
	at org.eclipse.core.internal.events.BuildManager$2.run(BuildManager.java:846)
	at org.eclipse.core.runtime.SafeRunner.run(SafeRunner.java:45)
	at org.eclipse.core.internal.events.BuildManager.basicBuild(BuildManager.java:229)
	at org.eclipse.core.internal.events.BuildManager.basicBuild(BuildManager.java:277)
	at org.eclipse.core.internal.events.BuildManager$1.run(BuildManager.java:330)
	at org.eclipse.core.runtime.SafeRunner.run(SafeRunner.java:45)
	at org.eclipse.core.internal.events.BuildManager.basicBuild(BuildManager.java:333)
	at org.eclipse.core.internal.events.BuildManager.basicBuild(BuildManager.java:292)
	at org.eclipse.core.internal.events.BuildManager.build(BuildManager.java:481)
	at org.eclipse.core.internal.resources.Project$1.run(Project.java:565)
	at org.eclipse.core.internal.resources.Workspace.run(Workspace.java:2292)
	at org.eclipse.core.internal.resources.Project.internalBuild(Project.java:603)
	at org.eclipse.core.internal.resources.Project.build(Project.java:116)
	at org.springframework.ide.eclipse.core.SpringCoreUtils$1.run(SpringCoreUtils.java:760)
	at org.eclipse.core.internal.jobs.Worker.run(Worker.java:63)
Caused by: java.nio.file.NoSuchFileException: /Users/vamsitallapudi/Documents/springboot/learn spring boot/others/NTSPBMS714/.metadata/.plugins/org.eclipse.m2e.core/nexus/830bc118332e77292949ed1e6d2fabe0/write.lock
	at java.base/sun.nio.fs.UnixException.translateToIOException(UnixException.java:92)
	at java.base/sun.nio.fs.UnixException.rethrowAsIOException(UnixException.java:111)
	at java.base/sun.nio.fs.UnixException.rethrowAsIOException(UnixException.java:116)
	at java.base/sun.nio.fs.UnixFileAttributeViews$Basic.readAttributes(UnixFileAttributeViews.java:55)
	at java.base/sun.nio.fs.UnixFileSystemProvider.readAttributes(UnixFileSystemProvider.java:149)
	at java.base/java.nio.file.Files.readAttributes(Files.java:1843)
	at org.apache.lucene.store.NativeFSLockFactory$NativeFSLock.ensureValid(NativeFSLockFactory.java:177)
	at org.apache.lucene.store.LockValidatingDirectoryWrapper.createOutput(LockValidatingDirectoryWrapper.java:43)
	at org.apache.lucene.store.TrackingDirectoryWrapper.createOutput(TrackingDirectoryWrapper.java:43)
	at org.apache.lucene.codecs.compressing.CompressingStoredFieldsWriter.<init>(CompressingStoredFieldsWriter.java:108)
	at org.apache.lucene.codecs.compressing.CompressingStoredFieldsFormat.fieldsWriter(CompressingStoredFieldsFormat.java:128)
	at org.apache.lucene.codecs.lucene50.Lucene50StoredFieldsFormat.fieldsWriter(Lucene50StoredFieldsFormat.java:183)
	at org.apache.lucene.index.DefaultIndexingChain.initStoredFieldsWriter(DefaultIndexingChain.java:81)
	at org.apache.lucene.index.DefaultIndexingChain.startStoredFields(DefaultIndexingChain.java:279)
	at org.apache.lucene.index.DefaultIndexingChain.processDocument(DefaultIndexingChain.java:316)
	at org.apache.lucene.index.DocumentsWriterPerThread.updateDocument(DocumentsWriterPerThread.java:234)
	at org.apache.lucene.index.DocumentsWriter.updateDocument(DocumentsWriter.java:450)
	at org.apache.lucene.index.IndexWriter.updateDocument(IndexWriter.java:1477)
	at org.apache.lucene.index.IndexWriter.addDocument(IndexWriter.java:1256)
	at org.apache.maven.index.DefaultIndexerEngine.remove(DefaultIndexerEngine.java:188)
	at org.apache.maven.index.DefaultIndexer.deleteArtifactsFromIndex(DefaultIndexer.java:143)
	at org.apache.maven.index.DefaultNexusIndexer.deleteArtifactFromIndex(DefaultNexusIndexer.java:362)
	at org.eclipse.m2e.core.internal.index.nexus.NexusIndexManager.removeDocument(NexusIndexManager.java:629)
	at org.eclipse.m2e.core.internal.index.nexus.NexusIndexManager.mavenProjectChanged(NexusIndexManager.java:760)
	at org.eclipse.m2e.core.internal.project.registry.ProjectRegistryManager.notifyProjectChangeListeners(ProjectRegistryManager.java:824)
	at org.eclipse.m2e.core.internal.project.registry.ProjectRegistryManager.applyMutableProjectRegistry(ProjectRegistryManager.java:990)
	at org.eclipse.m2e.core.internal.project.registry.ProjectRegistryManager.refresh(ProjectRegistryManager.java:317)
	at org.eclipse.m2e.core.internal.builder.MavenBuilder$BuildMethod.getProjectFacade(MavenBuilder.java:151)
	at org.eclipse.m2e.core.internal.builder.MavenBuilder$BuildMethod.lambda$0(MavenBuilder.java:89)
	at org.eclipse.m2e.core.internal.embedder.MavenExecutionContext.executeBare(MavenExecutionContext.java:179)
	at org.eclipse.m2e.core.internal.embedder.MavenExecutionContext.execute(MavenExecutionContext.java:153)
	at org.eclipse.m2e.core.internal.embedder.MavenExecutionContext.execute(MavenExecutionContext.java:101)
	at org.eclipse.m2e.core.internal.builder.MavenBuilder$BuildMethod.execute(MavenBuilder.java:88)
	at org.eclipse.m2e.core.internal.builder.MavenBuilder.build(MavenBuilder.java:197)
	at org.eclipse.core.internal.events.BuildManager$2.run(BuildManager.java:846)
	at org.eclipse.core.runtime.SafeRunner.run(SafeRunner.java:45)
	at org.eclipse.core.internal.events.BuildManager.basicBuild(BuildManager.java:229)
	at org.eclipse.core.internal.events.BuildManager.basicBuild(BuildManager.java:277)
	at org.eclipse.core.internal.events.BuildManager$1.run(BuildManager.java:330)
	at org.eclipse.core.runtime.SafeRunner.run(SafeRunner.java:45)
	at org.eclipse.core.internal.events.BuildManager.basicBuild(BuildManager.java:333)
	at org.eclipse.core.internal.events.BuildManager.basicBuildLoop(BuildManager.java:385)
	at org.eclipse.core.internal.events.BuildManager.build(BuildManager.java:406)
	at org.eclipse.core.internal.events.AutoBuildJob.doBuild(AutoBuildJob.java:154)
	at org.eclipse.core.internal.events.AutoBuildJob.run(AutoBuildJob.java:244)
	... 1 common frames omitted
2021-06-11 09:31:25,065 [Worker-34: Building workspace] ERROR o.e.m.jdt.internal.BuildPathManager - Can't save classpath container state for BootProj03-DependencyInjection-JAvaConfigAnnotations
java.io.FileNotFoundException: /Users/vamsitallapudi/Documents/springboot/learn spring boot/others/NTSPBMS714/.metadata/.plugins/org.eclipse.m2e.jdt/BootProj03-DependencyInjection-JAvaConfigAnnotations.container (No such file or directory)
	at java.base/java.io.FileOutputStream.open0(Native Method)
	at java.base/java.io.FileOutputStream.open(FileOutputStream.java:291)
	at java.base/java.io.FileOutputStream.<init>(FileOutputStream.java:234)
	at java.base/java.io.FileOutputStream.<init>(FileOutputStream.java:184)
	at org.eclipse.m2e.jdt.internal.BuildPathManager.saveContainerState(BuildPathManager.java:222)
	at org.eclipse.m2e.jdt.internal.BuildPathManager.updateClasspath(BuildPathManager.java:211)
	at org.eclipse.m2e.jdt.internal.BuildPathManager.mavenProjectChanged(BuildPathManager.java:196)
	at org.eclipse.m2e.core.internal.project.registry.ProjectRegistryManager.notifyProjectChangeListeners(ProjectRegistryManager.java:824)
	at org.eclipse.m2e.core.internal.project.registry.ProjectRegistryManager.applyMutableProjectRegistry(ProjectRegistryManager.java:990)
	at org.eclipse.m2e.core.internal.project.registry.ProjectRegistryManager.refresh(ProjectRegistryManager.java:317)
	at org.eclipse.m2e.core.internal.builder.MavenBuilder$BuildMethod.getProjectFacade(MavenBuilder.java:151)
	at org.eclipse.m2e.core.internal.builder.MavenBuilder$BuildMethod.lambda$0(MavenBuilder.java:89)
	at org.eclipse.m2e.core.internal.embedder.MavenExecutionContext.executeBare(MavenExecutionContext.java:179)
	at org.eclipse.m2e.core.internal.embedder.MavenExecutionContext.execute(MavenExecutionContext.java:153)
	at org.eclipse.m2e.core.internal.embedder.MavenExecutionContext.execute(MavenExecutionContext.java:101)
	at org.eclipse.m2e.core.internal.builder.MavenBuilder$BuildMethod.execute(MavenBuilder.java:88)
	at org.eclipse.m2e.core.internal.builder.MavenBuilder.build(MavenBuilder.java:197)
	at org.eclipse.core.internal.events.BuildManager$2.run(BuildManager.java:846)
	at org.eclipse.core.runtime.SafeRunner.run(SafeRunner.java:45)
	at org.eclipse.core.internal.events.BuildManager.basicBuild(BuildManager.java:229)
	at org.eclipse.core.internal.events.BuildManager.basicBuild(BuildManager.java:277)
	at org.eclipse.core.internal.events.BuildManager$1.run(BuildManager.java:330)
	at org.eclipse.core.runtime.SafeRunner.run(SafeRunner.java:45)
	at org.eclipse.core.internal.events.BuildManager.basicBuild(BuildManager.java:333)
	at org.eclipse.core.internal.events.BuildManager.basicBuild(BuildManager.java:292)
	at org.eclipse.core.internal.events.BuildManager.build(BuildManager.java:481)
	at org.eclipse.core.internal.resources.Project$1.run(Project.java:565)
	at org.eclipse.core.internal.resources.Workspace.run(Workspace.java:2292)
	at org.eclipse.core.internal.resources.Project.internalBuild(Project.java:603)
	at org.eclipse.core.internal.resources.Project.build(Project.java:116)
	at org.springframework.ide.eclipse.core.SpringCoreUtils$1.run(SpringCoreUtils.java:760)
	at org.eclipse.core.internal.jobs.Worker.run(Worker.java:63)
2021-06-11 09:31:25,306 [Worker-34: Building workspace] INFO  o.e.m.c.i.embedder.EclipseLogger - Using 'UTF-8' encoding to copy filtered resources.
2021-06-11 09:31:25,306 [Worker-34: Building workspace] INFO  o.e.m.c.i.embedder.EclipseLogger - Using 'UTF-8' encoding to copy filtered properties files.
2021-06-11 09:31:25,306 [Worker-34: Building workspace] INFO  o.e.m.c.i.embedder.EclipseLogger - Copying 1 resource
2021-06-11 09:31:25,333 [Worker-34: Building workspace] INFO  o.e.m.c.i.embedder.EclipseLogger - Copying 0 resource
2021-06-11 09:31:25,336 [Worker-34: Building workspace] INFO  o.e.m.c.i.embedder.EclipseLogger - Using 'UTF-8' encoding to copy filtered resources.
2021-06-11 09:31:25,336 [Worker-34: Building workspace] INFO  o.e.m.c.i.embedder.EclipseLogger - Using 'UTF-8' encoding to copy filtered properties files.
2021-06-11 09:31:25,337 [Worker-34: Building workspace] INFO  o.e.m.c.i.embedder.EclipseLogger - skip non existing resourceDirectory /Users/vamsitallapudi/Documents/springboot/others/NTSPBMS714/BootProj03-DependencyInjection-JAvaConfigAnnotations/src/test/resources
2021-06-11 09:31:25,805 [Worker-46: Building workspace] INFO  o.e.m.c.i.embedder.EclipseLogger - Using 'UTF-8' encoding to copy filtered resources.
2021-06-11 09:31:25,806 [Worker-46: Building workspace] INFO  o.e.m.c.i.embedder.EclipseLogger - Using 'UTF-8' encoding to copy filtered properties files.
2021-06-11 09:31:25,806 [Worker-46: Building workspace] INFO  o.e.m.c.i.embedder.EclipseLogger - Copying 1 resource
2021-06-11 09:31:25,887 [Worker-46: Building workspace] INFO  o.e.m.c.i.embedder.EclipseLogger - Copying 0 resource
2021-06-11 09:31:25,890 [Worker-46: Building workspace] INFO  o.e.m.c.i.embedder.EclipseLogger - Using 'UTF-8' encoding to copy filtered resources.
2021-06-11 09:31:25,890 [Worker-46: Building workspace] INFO  o.e.m.c.i.embedder.EclipseLogger - Using 'UTF-8' encoding to copy filtered properties files.
2021-06-11 09:31:25,890 [Worker-46: Building workspace] INFO  o.e.m.c.i.embedder.EclipseLogger - skip non existing resourceDirectory /Users/vamsitallapudi/Documents/springboot/others/NTSPBMS714/BootProj03-DependencyInjection-JAvaConfigAnnotations/src/test/resources
2021-06-11 09:31:26,051 [Worker-34: Building workspace] INFO  o.e.m.c.i.embedder.EclipseLogger - Using 'UTF-8' encoding to copy filtered resources.
2021-06-11 09:31:26,051 [Worker-34: Building workspace] INFO  o.e.m.c.i.embedder.EclipseLogger - Using 'UTF-8' encoding to copy filtered properties files.
2021-06-11 09:31:26,052 [Worker-34: Building workspace] INFO  o.e.m.c.i.embedder.EclipseLogger - Copying 1 resource
2021-06-11 09:31:26,070 [Worker-34: Building workspace] INFO  o.e.m.c.i.embedder.EclipseLogger - Copying 0 resource
2021-06-11 09:31:26,072 [Worker-34: Building workspace] INFO  o.e.m.c.i.embedder.EclipseLogger - Using 'UTF-8' encoding to copy filtered resources.
2021-06-11 09:31:26,072 [Worker-34: Building workspace] INFO  o.e.m.c.i.embedder.EclipseLogger - Using 'UTF-8' encoding to copy filtered properties files.
2021-06-11 09:31:26,072 [Worker-34: Building workspace] INFO  o.e.m.c.i.embedder.EclipseLogger - skip non existing resourceDirectory /Users/vamsitallapudi/Documents/springboot/others/NTSPBMS714/BootProj03-DependencyInjection-JAvaConfigAnnotations/src/test/resources
2021-06-11 09:31:26,168 [Worker-45: Building workspace] INFO  o.e.m.c.i.embedder.EclipseLogger - Using 'UTF-8' encoding to copy filtered resources.
2021-06-11 09:31:26,168 [Worker-45: Building workspace] INFO  o.e.m.c.i.embedder.EclipseLogger - Using 'UTF-8' encoding to copy filtered properties files.
2021-06-11 09:31:26,168 [Worker-45: Building workspace] INFO  o.e.m.c.i.embedder.EclipseLogger - Copying 1 resource
2021-06-11 09:31:26,189 [Worker-45: Building workspace] INFO  o.e.m.c.i.embedder.EclipseLogger - Copying 0 resource
2021-06-11 09:31:26,192 [Worker-45: Building workspace] INFO  o.e.m.c.i.embedder.EclipseLogger - Using 'UTF-8' encoding to copy filtered resources.
2021-06-11 09:31:26,192 [Worker-45: Building workspace] INFO  o.e.m.c.i.embedder.EclipseLogger - Using 'UTF-8' encoding to copy filtered properties files.
2021-06-11 09:31:26,192 [Worker-45: Building workspace] INFO  o.e.m.c.i.embedder.EclipseLogger - skip non existing resourceDirectory /Users/vamsitallapudi/Documents/springboot/others/NTSPBMS714/BootProj03-DependencyInjection-JAvaConfigAnnotations/src/test/resources
2021-06-11 09:31:26,292 [Worker-46: Building workspace] INFO  o.e.m.c.i.embedder.EclipseLogger - Using 'UTF-8' encoding to copy filtered resources.
2021-06-11 09:31:26,293 [Worker-46: Building workspace] INFO  o.e.m.c.i.embedder.EclipseLogger - Using 'UTF-8' encoding to copy filtered properties files.
2021-06-11 09:31:26,293 [Worker-46: Building workspace] INFO  o.e.m.c.i.embedder.EclipseLogger - Copying 1 resource
2021-06-11 09:31:26,356 [Worker-46: Building workspace] INFO  o.e.m.c.i.embedder.EclipseLogger - Copying 0 resource
2021-06-11 09:31:26,362 [Worker-46: Building workspace] INFO  o.e.m.c.i.embedder.EclipseLogger - Using 'UTF-8' encoding to copy filtered resources.
2021-06-11 09:31:26,362 [Worker-46: Building workspace] INFO  o.e.m.c.i.embedder.EclipseLogger - Using 'UTF-8' encoding to copy filtered properties files.
2021-06-11 09:31:26,362 [Worker-46: Building workspace] INFO  o.e.m.c.i.embedder.EclipseLogger - skip non existing resourceDirectory /Users/vamsitallapudi/Documents/springboot/others/NTSPBMS714/BootProj03-DependencyInjection-JAvaConfigAnnotations/src/test/resources
2021-06-11 09:31:26,518 [Worker-34: Building workspace] INFO  o.e.m.c.i.embedder.EclipseLogger - Using 'UTF-8' encoding to copy filtered resources.
2021-06-11 09:31:26,518 [Worker-34: Building workspace] INFO  o.e.m.c.i.embedder.EclipseLogger - Using 'UTF-8' encoding to copy filtered properties files.
2021-06-11 09:31:26,519 [Worker-34: Building workspace] INFO  o.e.m.c.i.embedder.EclipseLogger - Copying 1 resource
2021-06-11 09:31:26,589 [Worker-34: Building workspace] INFO  o.e.m.c.i.embedder.EclipseLogger - Copying 0 resource
2021-06-11 09:31:26,593 [Worker-34: Building workspace] INFO  o.e.m.c.i.embedder.EclipseLogger - Using 'UTF-8' encoding to copy filtered resources.
2021-06-11 09:31:26,593 [Worker-34: Building workspace] INFO  o.e.m.c.i.embedder.EclipseLogger - Using 'UTF-8' encoding to copy filtered properties files.
2021-06-11 09:31:26,593 [Worker-34: Building workspace] INFO  o.e.m.c.i.embedder.EclipseLogger - skip non existing resourceDirectory /Users/vamsitallapudi/Documents/springboot/others/NTSPBMS714/BootProj03-DependencyInjection-JAvaConfigAnnotations/src/test/resources
2021-06-11 09:31:26,763 [Worker-44: Building workspace] INFO  o.e.m.c.i.embedder.EclipseLogger - Using 'UTF-8' encoding to copy filtered resources.
2021-06-11 09:31:26,764 [Worker-44: Building workspace] INFO  o.e.m.c.i.embedder.EclipseLogger - Using 'UTF-8' encoding to copy filtered properties files.
2021-06-11 09:31:26,764 [Worker-44: Building workspace] INFO  o.e.m.c.i.embedder.EclipseLogger - Copying 1 resource
2021-06-11 09:31:26,864 [Worker-44: Building workspace] INFO  o.e.m.c.i.embedder.EclipseLogger - Copying 0 resource
2021-06-11 09:31:26,870 [Worker-44: Building workspace] INFO  o.e.m.c.i.embedder.EclipseLogger - Using 'UTF-8' encoding to copy filtered resources.
2021-06-11 09:31:26,870 [Worker-44: Building workspace] INFO  o.e.m.c.i.embedder.EclipseLogger - Using 'UTF-8' encoding to copy filtered properties files.
2021-06-11 09:31:26,870 [Worker-44: Building workspace] INFO  o.e.m.c.i.embedder.EclipseLogger - skip non existing resourceDirectory /Users/vamsitallapudi/Documents/springboot/others/NTSPBMS714/BootProj03-DependencyInjection-JAvaConfigAnnotations/src/test/resources
2021-06-11 09:31:27,069 [Worker-34: Building workspace] INFO  o.e.m.c.i.embedder.EclipseLogger - Using 'UTF-8' encoding to copy filtered resources.
2021-06-11 09:31:27,069 [Worker-34: Building workspace] INFO  o.e.m.c.i.embedder.EclipseLogger - Using 'UTF-8' encoding to copy filtered properties files.
2021-06-11 09:31:27,070 [Worker-34: Building workspace] INFO  o.e.m.c.i.embedder.EclipseLogger - Copying 1 resource
2021-06-11 09:31:27,128 [Worker-34: Building workspace] INFO  o.e.m.c.i.embedder.EclipseLogger - Copying 0 resource
2021-06-11 09:31:27,133 [Worker-34: Building workspace] INFO  o.e.m.c.i.embedder.EclipseLogger - Using 'UTF-8' encoding to copy filtered resources.
2021-06-11 09:31:27,133 [Worker-34: Building workspace] INFO  o.e.m.c.i.embedder.EclipseLogger - Using 'UTF-8' encoding to copy filtered properties files.
2021-06-11 09:31:27,133 [Worker-34: Building workspace] INFO  o.e.m.c.i.embedder.EclipseLogger - skip non existing resourceDirectory /Users/vamsitallapudi/Documents/springboot/others/NTSPBMS714/BootProj03-DependencyInjection-JAvaConfigAnnotations/src/test/resources
